Flow report for Project1_top
Thu Oct 20 11:05:45 2016
Quartus Prime Version 16.0.0 Build 211 04/27/2016 SJ Lite Edition


---------------------
; Table of Contents ;
---------------------
  1. Legal Notice
  2. Flow Summary
  3. Flow Settings
  4. Flow Non-Default Global Settings
  5. Flow Elapsed Time
  6. Flow OS Summary
  7. Flow Log
  8. Flow Messages
  9. Flow Suppressed Messages



----------------
; Legal Notice ;
----------------
Copyright (C) 1991-2016 Altera Corporation. All rights reserved.
Your use of Altera Corporation's design tools, logic functions 
and other software and tools, and its AMPP partner logic 
functions, and any output files from any of the foregoing 
(including device programming or simulation files), and any 
associated documentation or information are expressly subject 
to the terms and conditions of the Altera Program License 
Subscription Agreement, the Altera Quartus Prime License Agreement,
the Altera MegaCore Function License Agreement, or other 
applicable license agreement, including, without limitation, 
that your use is for the sole purpose of programming logic 
devices manufactured by Altera and sold by Altera or its 
authorized distributors.  Please refer to the applicable 
agreement for further details.



+-------------------------------------------------------------------------------+
; Flow Summary                                                                  ;
+---------------------------------+---------------------------------------------+
; Flow Status                     ; Successful - Thu Oct 20 11:05:44 2016       ;
; Quartus Prime Version           ; 16.0.0 Build 211 04/27/2016 SJ Lite Edition ;
; Revision Name                   ; Project1_top                                ;
; Top-level Entity Name           ; Project1_top                                ;
; Family                          ; Cyclone V                                   ;
; Device                          ; 5CGXFC7C7F23C8                              ;
; Timing Models                   ; Final                                       ;
; Logic utilization (in ALMs)     ; 2,586 / 56,480 ( 5 % )                      ;
; Total registers                 ; 771                                         ;
; Total pins                      ; 98 / 268 ( 37 % )                           ;
; Total virtual pins              ; 0                                           ;
; Total block memory bits         ; 102,400 / 7,024,640 ( 1 % )                 ;
; Total DSP Blocks                ; 0 / 156 ( 0 % )                             ;
; Total HSSI RX PCSs              ; 0 / 6 ( 0 % )                               ;
; Total HSSI PMA RX Deserializers ; 0 / 6 ( 0 % )                               ;
; Total HSSI TX PCSs              ; 0 / 6 ( 0 % )                               ;
; Total HSSI PMA TX Serializers   ; 0 / 6 ( 0 % )                               ;
; Total PLLs                      ; 1 / 13 ( 8 % )                              ;
; Total DLLs                      ; 0 / 4 ( 0 % )                               ;
+---------------------------------+---------------------------------------------+


+-----------------------------------------+
; Flow Settings                           ;
+-------------------+---------------------+
; Option            ; Setting             ;
+-------------------+---------------------+
; Start date & time ; 10/20/2016 10:59:51 ;
; Main task         ; Compilation         ;
; Revision Name     ; Project1_top        ;
+-------------------+---------------------+


+----------------------------------------------------------------------------------------------------------------------+
; Flow Non-Default Global Settings                                                                                     ;
+-------------------------------------+---------------------------------+---------------+-------------+----------------+
; Assignment Name                     ; Value                           ; Default Value ; Entity Name ; Section Id     ;
+-------------------------------------+---------------------------------+---------------+-------------+----------------+
; COMPILER_SIGNATURE_ID               ; 241955388856639.147696839006756 ; --            ; --          ; --             ;
; EDA_OUTPUT_DATA_FORMAT              ; Vhdl                            ; --            ; --          ; eda_simulation ;
; EDA_SIMULATION_TOOL                 ; ModelSim-Altera (VHDL)          ; <None>        ; --          ; --             ;
; EDA_TIME_SCALE                      ; 1 ps                            ; --            ; --          ; eda_simulation ;
; MAX_CORE_JUNCTION_TEMP              ; 85                              ; --            ; --          ; --             ;
; MIN_CORE_JUNCTION_TEMP              ; 0                               ; --            ; --          ; --             ;
; PARTITION_COLOR                     ; 16764057                        ; --            ; --          ; Top            ;
; PARTITION_FITTER_PRESERVATION_LEVEL ; PLACEMENT_AND_ROUTING           ; --            ; --          ; Top            ;
; PARTITION_NETLIST_TYPE              ; SOURCE                          ; --            ; --          ; Top            ;
; PROJECT_OUTPUT_DIRECTORY            ; output_files                    ; --            ; --          ; --             ;
+-------------------------------------+---------------------------------+---------------+-------------+----------------+


+-------------------------------------------------------------------------------------------------------------------------------+
; Flow Elapsed Time                                                                                                             ;
+---------------------------+--------------+-------------------------+---------------------+------------------------------------+
; Module Name               ; Elapsed Time ; Average Processors Used ; Peak Virtual Memory ; Total CPU Time (on all processors) ;
+---------------------------+--------------+-------------------------+---------------------+------------------------------------+
; Analysis & Synthesis      ; 00:00:40     ; 1.0                     ; 1013 MB             ; 00:00:50                           ;
; Fitter                    ; 00:03:04     ; 1.1                     ; 2932 MB             ; 00:06:01                           ;
; Assembler                 ; 00:00:37     ; 1.0                     ; 950 MB              ; 00:00:13                           ;
; TimeQuest Timing Analyzer ; 00:00:37     ; 1.5                     ; 1471 MB             ; 00:00:37                           ;
; EDA Netlist Writer        ; 00:00:24     ; 1.0                     ; 1021 MB             ; 00:00:05                           ;
; Total                     ; 00:05:22     ; --                      ; --                  ; 00:07:46                           ;
+---------------------------+--------------+-------------------------+---------------------+------------------------------------+


+----------------------------------------------------------------------------------------+
; Flow OS Summary                                                                        ;
+---------------------------+------------------+-----------+------------+----------------+
; Module Name               ; Machine Hostname ; OS Name   ; OS Version ; Processor type ;
+---------------------------+------------------+-----------+------------+----------------+
; Analysis & Synthesis      ; VMaster          ; Windows 8 ; 6.2        ; x86_64         ;
; Fitter                    ; VMaster          ; Windows 8 ; 6.2        ; x86_64         ;
; Assembler                 ; VMaster          ; Windows 8 ; 6.2        ; x86_64         ;
; TimeQuest Timing Analyzer ; VMaster          ; Windows 8 ; 6.2        ; x86_64         ;
; EDA Netlist Writer        ; VMaster          ; Windows 8 ; 6.2        ; x86_64         ;
+---------------------------+------------------+-----------+------------+----------------+


------------
; Flow Log ;
------------
quartus_map --read_settings_files=on --write_settings_files=off Projeto80x60 -c Project1_top
quartus_fit --read_settings_files=off --write_settings_files=off Projeto80x60 -c Project1_top
quartus_asm --read_settings_files=off --write_settings_files=off Projeto80x60 -c Project1_top
quartus_sta Projeto80x60 -c Project1_top
quartus_eda --read_settings_files=off --write_settings_files=off Projeto80x60 -c Project1_top



