Analysis & Elaboration report for ov7670_top
Thu Oct 13 19:52:37 2016
Quartus Prime Version 16.0.0 Build 211 04/27/2016 SJ Lite Edition


---------------------
; Table of Contents ;
---------------------
  1. Legal Notice
  2. Analysis & Elaboration Summary
  3. Parallel Compilation
  4. Source assignments for frame_buffer:fb|altsyncram:altsyncram_component|altsyncram_ovu3:auto_generated
  5. Parameter Settings for User Entity Instance: frame_buffer:fb|altsyncram:altsyncram_component
  6. altsyncram Parameter Settings by Entity Instance
  7. Analysis & Elaboration Settings
  8. Port Connectivity Checks: "Top_AchandoPonto:AchandoPonto|DesenhaQuadrado:DrawRect"
  9. Port Connectivity Checks: "Top_AchandoPonto:AchandoPonto|PosicaoPonto:PosPonto"
 10. Port Connectivity Checks: "Top_AchandoPonto:AchandoPonto|Comparadores:Comparador"
 11. Port Connectivity Checks: "ov7670_controller:controller|i2c_sender:Inst_i2c_sender"
 12. Analysis & Elaboration Messages



----------------
; Legal Notice ;
----------------
Copyright (C) 1991-2016 Altera Corporation. All rights reserved.
Your use of Altera Corporation's design tools, logic functions 
and other software and tools, and its AMPP partner logic 
functions, and any output files from any of the foregoing 
(including device programming or simulation files), and any 
associated documentation or information are expressly subject 
to the terms and conditions of the Altera Program License 
Subscription Agreement, the Altera Quartus Prime License Agreement,
the Altera MegaCore Function License Agreement, or other 
applicable license agreement, including, without limitation, 
that your use is for the sole purpose of programming logic 
devices manufactured by Altera and sold by Altera or its 
authorized distributors.  Please refer to the applicable 
agreement for further details.



+-----------------------------------------------------------------------------+
; Analysis & Elaboration Summary                                              ;
+-------------------------------+---------------------------------------------+
; Analysis & Elaboration Status ; Successful - Thu Oct 13 19:52:37 2016       ;
; Quartus Prime Version         ; 16.0.0 Build 211 04/27/2016 SJ Lite Edition ;
; Revision Name                 ; ov7670_top                                  ;
; Top-level Entity Name         ; ov7670_top                                  ;
; Family                        ; Cyclone V                                   ;
; Logic utilization (in ALMs)   ; N/A until Partition Merge                   ;
; Total registers               ; N/A until Partition Merge                   ;
; Total pins                    ; N/A until Partition Merge                   ;
; Total virtual pins            ; N/A until Partition Merge                   ;
; Total block memory bits       ; N/A until Partition Merge                   ;
; Total PLLs                    ; N/A until Partition Merge                   ;
; Total DLLs                    ; N/A until Partition Merge                   ;
+-------------------------------+---------------------------------------------+


+------------------------------------------+
; Parallel Compilation                     ;
+----------------------------+-------------+
; Processors                 ; Number      ;
+----------------------------+-------------+
; Number detected on machine ; 4           ;
; Maximum allowed            ; 4           ;
;                            ;             ;
; Average used               ; 1.00        ;
; Maximum used               ; 1           ;
;                            ;             ;
; Usage by Processor         ; % Time Used ;
;     Processor 1            ; 100.0%      ;
+----------------------------+-------------+


+-------------------------------------------------------------------------------------------------------+
; Source assignments for frame_buffer:fb|altsyncram:altsyncram_component|altsyncram_ovu3:auto_generated ;
+---------------------------------+--------------------+------+-----------------------------------------+
; Assignment                      ; Value              ; From ; To                                      ;
+---------------------------------+--------------------+------+-----------------------------------------+
; OPTIMIZE_POWER_DURING_SYNTHESIS ; NORMAL_COMPILATION ; -    ; -                                       ;
+---------------------------------+--------------------+------+-----------------------------------------+


+----------------------------------------------------------------------------------------------+
; Parameter Settings for User Entity Instance: frame_buffer:fb|altsyncram:altsyncram_component ;
+------------------------------------+----------------------+----------------------------------+
; Parameter Name                     ; Value                ; Type                             ;
+------------------------------------+----------------------+----------------------------------+
; BYTE_SIZE_BLOCK                    ; 8                    ; Untyped                          ;
; AUTO_CARRY_CHAINS                  ; ON                   ; AUTO_CARRY                       ;
; IGNORE_CARRY_BUFFERS               ; OFF                  ; IGNORE_CARRY                     ;
; AUTO_CASCADE_CHAINS                ; ON                   ; AUTO_CASCADE                     ;
; IGNORE_CASCADE_BUFFERS             ; OFF                  ; IGNORE_CASCADE                   ;
; WIDTH_BYTEENA                      ; 1                    ; Untyped                          ;
; OPERATION_MODE                     ; DUAL_PORT            ; Untyped                          ;
; WIDTH_A                            ; 8                    ; Signed Integer                   ;
; WIDTHAD_A                          ; 15                   ; Signed Integer                   ;
; NUMWORDS_A                         ; 32768                ; Signed Integer                   ;
; OUTDATA_REG_A                      ; UNREGISTERED         ; Untyped                          ;
; ADDRESS_ACLR_A                     ; NONE                 ; Untyped                          ;
; OUTDATA_ACLR_A                     ; NONE                 ; Untyped                          ;
; WRCONTROL_ACLR_A                   ; NONE                 ; Untyped                          ;
; INDATA_ACLR_A                      ; NONE                 ; Untyped                          ;
; BYTEENA_ACLR_A                     ; NONE                 ; Untyped                          ;
; WIDTH_B                            ; 8                    ; Signed Integer                   ;
; WIDTHAD_B                          ; 15                   ; Signed Integer                   ;
; NUMWORDS_B                         ; 32768                ; Signed Integer                   ;
; INDATA_REG_B                       ; CLOCK1               ; Untyped                          ;
; WRCONTROL_WRADDRESS_REG_B          ; CLOCK1               ; Untyped                          ;
; RDCONTROL_REG_B                    ; CLOCK1               ; Untyped                          ;
; ADDRESS_REG_B                      ; CLOCK1               ; Untyped                          ;
; OUTDATA_REG_B                      ; CLOCK1               ; Untyped                          ;
; BYTEENA_REG_B                      ; CLOCK1               ; Untyped                          ;
; INDATA_ACLR_B                      ; NONE                 ; Untyped                          ;
; WRCONTROL_ACLR_B                   ; NONE                 ; Untyped                          ;
; ADDRESS_ACLR_B                     ; NONE                 ; Untyped                          ;
; OUTDATA_ACLR_B                     ; NONE                 ; Untyped                          ;
; RDCONTROL_ACLR_B                   ; NONE                 ; Untyped                          ;
; BYTEENA_ACLR_B                     ; NONE                 ; Untyped                          ;
; WIDTH_BYTEENA_A                    ; 1                    ; Signed Integer                   ;
; WIDTH_BYTEENA_B                    ; 1                    ; Signed Integer                   ;
; RAM_BLOCK_TYPE                     ; AUTO                 ; Untyped                          ;
; BYTE_SIZE                          ; 8                    ; Signed Integer                   ;
; READ_DURING_WRITE_MODE_MIXED_PORTS ; DONT_CARE            ; Untyped                          ;
; READ_DURING_WRITE_MODE_PORT_A      ; NEW_DATA_NO_NBE_READ ; Untyped                          ;
; READ_DURING_WRITE_MODE_PORT_B      ; NEW_DATA_NO_NBE_READ ; Untyped                          ;
; INIT_FILE                          ; UNUSED               ; Untyped                          ;
; INIT_FILE_LAYOUT                   ; PORT_A               ; Untyped                          ;
; MAXIMUM_DEPTH                      ; 0                    ; Signed Integer                   ;
; CLOCK_ENABLE_INPUT_A               ; BYPASS               ; Untyped                          ;
; CLOCK_ENABLE_INPUT_B               ; BYPASS               ; Untyped                          ;
; CLOCK_ENABLE_OUTPUT_A              ; NORMAL               ; Untyped                          ;
; CLOCK_ENABLE_OUTPUT_B              ; BYPASS               ; Untyped                          ;
; CLOCK_ENABLE_CORE_A                ; USE_INPUT_CLKEN      ; Untyped                          ;
; CLOCK_ENABLE_CORE_B                ; USE_INPUT_CLKEN      ; Untyped                          ;
; ENABLE_ECC                         ; FALSE                ; Untyped                          ;
; ECC_PIPELINE_STAGE_ENABLED         ; FALSE                ; Untyped                          ;
; WIDTH_ECCSTATUS                    ; 3                    ; Signed Integer                   ;
; DEVICE_FAMILY                      ; Cyclone V            ; Untyped                          ;
; CBXI_PARAMETER                     ; altsyncram_ovu3      ; Untyped                          ;
+------------------------------------+----------------------+----------------------------------+
Note: In order to hide this table in the UI and the text report file, please set the "Show Parameter Settings in Synthesis Report" option in "Analysis and Synthesis Settings -> More Settings" to "Off".


+---------------------------------------------------------------------------------------------+
; altsyncram Parameter Settings by Entity Instance                                            ;
+-------------------------------------------+-------------------------------------------------+
; Name                                      ; Value                                           ;
+-------------------------------------------+-------------------------------------------------+
; Number of entity instances                ; 1                                               ;
; Entity Instance                           ; frame_buffer:fb|altsyncram:altsyncram_component ;
;     -- OPERATION_MODE                     ; DUAL_PORT                                       ;
;     -- WIDTH_A                            ; 8                                               ;
;     -- NUMWORDS_A                         ; 32768                                           ;
;     -- OUTDATA_REG_A                      ; UNREGISTERED                                    ;
;     -- WIDTH_B                            ; 8                                               ;
;     -- NUMWORDS_B                         ; 32768                                           ;
;     -- ADDRESS_REG_B                      ; CLOCK1                                          ;
;     -- OUTDATA_REG_B                      ; CLOCK1                                          ;
;     -- RAM_BLOCK_TYPE                     ; AUTO                                            ;
;     -- READ_DURING_WRITE_MODE_MIXED_PORTS ; DONT_CARE                                       ;
+-------------------------------------------+-------------------------------------------------+


+---------------------------------------------------------------------------------------------------------------------------+
; Analysis & Elaboration Settings                                                                                           ;
+---------------------------------------------------------------------------------+--------------------+--------------------+
; Option                                                                          ; Setting            ; Default Value      ;
+---------------------------------------------------------------------------------+--------------------+--------------------+
; Device                                                                          ; 5CGXFC7C7F23C8     ;                    ;
; Top-level entity name                                                           ; ov7670_top         ; ov7670_top         ;
; Family name                                                                     ; Cyclone V          ; Cyclone V          ;
; Use smart compilation                                                           ; Off                ; Off                ;
; Enable parallel Assembler and TimeQuest Timing Analyzer during compilation      ; On                 ; On                 ;
; Enable compact report table                                                     ; Off                ; Off                ;
; Restructure Multiplexers                                                        ; Auto               ; Auto               ;
; MLAB Add Timing Constraints For Mixed-Port Feed-Through Mode Setting Don't Care ; Off                ; Off                ;
; Create Debugging Nodes for IP Cores                                             ; Off                ; Off                ;
; Preserve fewer node names                                                       ; On                 ; On                 ;
; Disable OpenCore Plus hardware evaluation                                       ; Off                ; Off                ;
; Verilog Version                                                                 ; Verilog_2001       ; Verilog_2001       ;
; VHDL Version                                                                    ; VHDL_1993          ; VHDL_1993          ;
; State Machine Processing                                                        ; Auto               ; Auto               ;
; Safe State Machine                                                              ; Off                ; Off                ;
; Extract Verilog State Machines                                                  ; On                 ; On                 ;
; Extract VHDL State Machines                                                     ; On                 ; On                 ;
; Ignore Verilog initial constructs                                               ; Off                ; Off                ;
; Iteration limit for constant Verilog loops                                      ; 5000               ; 5000               ;
; Iteration limit for non-constant Verilog loops                                  ; 250                ; 250                ;
; Add Pass-Through Logic to Inferred RAMs                                         ; On                 ; On                 ;
; Infer RAMs from Raw Logic                                                       ; On                 ; On                 ;
; Parallel Synthesis                                                              ; On                 ; On                 ;
; DSP Block Balancing                                                             ; Auto               ; Auto               ;
; NOT Gate Push-Back                                                              ; On                 ; On                 ;
; Power-Up Don't Care                                                             ; On                 ; On                 ;
; Remove Redundant Logic Cells                                                    ; Off                ; Off                ;
; Remove Duplicate Registers                                                      ; On                 ; On                 ;
; Ignore CARRY Buffers                                                            ; Off                ; Off                ;
; Ignore CASCADE Buffers                                                          ; Off                ; Off                ;
; Ignore GLOBAL Buffers                                                           ; Off                ; Off                ;
; Ignore ROW GLOBAL Buffers                                                       ; Off                ; Off                ;
; Ignore LCELL Buffers                                                            ; Off                ; Off                ;
; Ignore SOFT Buffers                                                             ; On                 ; On                 ;
; Limit AHDL Integers to 32 Bits                                                  ; Off                ; Off                ;
; Optimization Technique                                                          ; Balanced           ; Balanced           ;
; Carry Chain Length                                                              ; 70                 ; 70                 ;
; Auto Carry Chains                                                               ; On                 ; On                 ;
; Auto Open-Drain Pins                                                            ; On                 ; On                 ;
; Perform WYSIWYG Primitive Resynthesis                                           ; Off                ; Off                ;
; Auto ROM Replacement                                                            ; On                 ; On                 ;
; Auto RAM Replacement                                                            ; On                 ; On                 ;
; Auto DSP Block Replacement                                                      ; On                 ; On                 ;
; Auto Shift Register Replacement                                                 ; Auto               ; Auto               ;
; Allow Shift Register Merging across Hierarchies                                 ; Auto               ; Auto               ;
; Auto Clock Enable Replacement                                                   ; On                 ; On                 ;
; Strict RAM Replacement                                                          ; Off                ; Off                ;
; Allow Synchronous Control Signals                                               ; On                 ; On                 ;
; Force Use of Synchronous Clear Signals                                          ; Off                ; Off                ;
; Auto Resource Sharing                                                           ; Off                ; Off                ;
; Allow Any RAM Size For Recognition                                              ; Off                ; Off                ;
; Allow Any ROM Size For Recognition                                              ; Off                ; Off                ;
; Allow Any Shift Register Size For Recognition                                   ; Off                ; Off                ;
; Use LogicLock Constraints during Resource Balancing                             ; On                 ; On                 ;
; Ignore translate_off and synthesis_off directives                               ; Off                ; Off                ;
; Timing-Driven Synthesis                                                         ; On                 ; On                 ;
; Report Parameter Settings                                                       ; On                 ; On                 ;
; Report Source Assignments                                                       ; On                 ; On                 ;
; Report Connectivity Checks                                                      ; On                 ; On                 ;
; Ignore Maximum Fan-Out Assignments                                              ; Off                ; Off                ;
; Synchronization Register Chain Length                                           ; 3                  ; 3                  ;
; PowerPlay Power Optimization During Synthesis                                   ; Normal compilation ; Normal compilation ;
; HDL message level                                                               ; Level2             ; Level2             ;
; Suppress Register Optimization Related Messages                                 ; Off                ; Off                ;
; Number of Removed Registers Reported in Synthesis Report                        ; 5000               ; 5000               ;
; Number of Swept Nodes Reported in Synthesis Report                              ; 5000               ; 5000               ;
; Number of Inverted Registers Reported in Synthesis Report                       ; 100                ; 100                ;
; Clock MUX Protection                                                            ; On                 ; On                 ;
; Auto Gated Clock Conversion                                                     ; Off                ; Off                ;
; Block Design Naming                                                             ; Auto               ; Auto               ;
; SDC constraint protection                                                       ; Off                ; Off                ;
; Synthesis Effort                                                                ; Auto               ; Auto               ;
; Shift Register Replacement - Allow Asynchronous Clear Signal                    ; On                 ; On                 ;
; Pre-Mapping Resynthesis Optimization                                            ; Off                ; Off                ;
; Analysis & Synthesis Message Level                                              ; Medium             ; Medium             ;
; Disable Register Merging Across Hierarchies                                     ; Auto               ; Auto               ;
; Resource Aware Inference For Block RAM                                          ; On                 ; On                 ;
; Synthesis Seed                                                                  ; 1                  ; 1                  ;
; Automatic Parallel Synthesis                                                    ; On                 ; On                 ;
; Partial Reconfiguration Bitstream ID                                            ; Off                ; Off                ;
+---------------------------------------------------------------------------------+--------------------+--------------------+


+------------------------------------------------------------------------------------+
; Port Connectivity Checks: "Top_AchandoPonto:AchandoPonto|DesenhaQuadrado:DrawRect" ;
+--------------+-------+----------+--------------------------------------------------+
; Port         ; Type  ; Severity ; Details                                          ;
+--------------+-------+----------+--------------------------------------------------+
; addr[31..15] ; Input ; Info     ; Stuck at GND                                     ;
+--------------+-------+----------+--------------------------------------------------+


+---------------------------------------------------------------------------------+
; Port Connectivity Checks: "Top_AchandoPonto:AchandoPonto|PosicaoPonto:PosPonto" ;
+--------------+-------+----------+-----------------------------------------------+
; Port         ; Type  ; Severity ; Details                                       ;
+--------------+-------+----------+-----------------------------------------------+
; addr[31..15] ; Input ; Info     ; Stuck at GND                                  ;
+--------------+-------+----------+-----------------------------------------------+


+-----------------------------------------------------------------------------------+
; Port Connectivity Checks: "Top_AchandoPonto:AchandoPonto|Comparadores:Comparador" ;
+--------------+-------+----------+-------------------------------------------------+
; Port         ; Type  ; Severity ; Details                                         ;
+--------------+-------+----------+-------------------------------------------------+
; addr[31..15] ; Input ; Info     ; Stuck at GND                                    ;
; r[31..3]     ; Input ; Info     ; Stuck at GND                                    ;
; g[31..3]     ; Input ; Info     ; Stuck at GND                                    ;
; b[31..2]     ; Input ; Info     ; Stuck at GND                                    ;
+--------------+-------+----------+-------------------------------------------------+


+-------------------------------------------------------------------------------------+
; Port Connectivity Checks: "ov7670_controller:controller|i2c_sender:Inst_i2c_sender" ;
+----------+-------+----------+-------------------------------------------------------+
; Port     ; Type  ; Severity ; Details                                               ;
+----------+-------+----------+-------------------------------------------------------+
; id[5..2] ; Input ; Info     ; Stuck at GND                                          ;
; id[7]    ; Input ; Info     ; Stuck at GND                                          ;
; id[6]    ; Input ; Info     ; Stuck at VCC                                          ;
; id[1]    ; Input ; Info     ; Stuck at VCC                                          ;
; id[0]    ; Input ; Info     ; Stuck at GND                                          ;
+----------+-------+----------+-------------------------------------------------------+


+---------------------------------+
; Analysis & Elaboration Messages ;
+---------------------------------+
Info: *******************************************************************
Info: Running Quartus Prime Analysis & Elaboration
    Info: Version 16.0.0 Build 211 04/27/2016 SJ Lite Edition
    Info: Processing started: Thu Oct 13 19:51:57 2016
Info: Command: quartus_map --read_settings_files=on --write_settings_files=off Projeto160x120 -c ov7670_top --analysis_and_elaboration
Warning (18236): Number of processors has not been specified which may cause overloading on shared machines.  Set the global assignment NUM_PARALLEL_PROCESSORS in your QSF to an appropriate value for best performance.
Info (20030): Parallel compilation is enabled and will use 4 of the 4 processors detected
Info (12021): Found 2 design units, including 1 entities, in source file wrensync.vhd
    Info (12022): Found design unit 1: WrenSync-behav File: C:/Users/João Vicente/Desktop/Projeto SD/Projeto160x120/WrenSync.vhd Line: 21
    Info (12023): Found entity 1: WrenSync File: C:/Users/João Vicente/Desktop/Projeto SD/Projeto160x120/WrenSync.vhd Line: 9
Info (12021): Found 2 design units, including 1 entities, in source file vga.vhd
    Info (12022): Found design unit 1: vga-Behavioral File: C:/Users/João Vicente/Desktop/Projeto SD/Projeto160x120/vga.vhd Line: 24
    Info (12023): Found entity 1: vga File: C:/Users/João Vicente/Desktop/Projeto SD/Projeto160x120/vga.vhd Line: 11
Info (12021): Found 2 design units, including 1 entities, in source file top_achandoponto.vhd
    Info (12022): Found design unit 1: Top_AchandoPonto-behav File: C:/Users/João Vicente/Desktop/Projeto SD/Projeto160x120/Top_AchandoPonto.vhd Line: 18
    Info (12023): Found entity 1: Top_AchandoPonto File: C:/Users/João Vicente/Desktop/Projeto SD/Projeto160x120/Top_AchandoPonto.vhd Line: 8
Info (12021): Found 2 design units, including 1 entities, in source file posicaoponto.vhd
    Info (12022): Found design unit 1: PosicaoPonto-behav File: C:/Users/João Vicente/Desktop/Projeto SD/Projeto160x120/PosicaoPonto.vhd Line: 17
    Info (12023): Found entity 1: PosicaoPonto File: C:/Users/João Vicente/Desktop/Projeto SD/Projeto160x120/PosicaoPonto.vhd Line: 8
Info (12021): Found 2 design units, including 1 entities, in source file ov7670_top.vhd
    Info (12022): Found design unit 1: ov7670_top-Behavioral File: C:/Users/João Vicente/Desktop/Projeto SD/Projeto160x120/ov7670_top.vhd Line: 35
    Info (12023): Found entity 1: ov7670_top File: C:/Users/João Vicente/Desktop/Projeto SD/Projeto160x120/ov7670_top.vhd Line: 9
Info (12021): Found 2 design units, including 1 entities, in source file ov7670_registers.vhd
    Info (12022): Found design unit 1: ov7670_registers-Behavioral File: C:/Users/João Vicente/Desktop/Projeto SD/Projeto160x120/ov7670_registers.vhd Line: 19
    Info (12023): Found entity 1: ov7670_registers File: C:/Users/João Vicente/Desktop/Projeto SD/Projeto160x120/ov7670_registers.vhd Line: 11
Info (12021): Found 2 design units, including 1 entities, in source file ov7670_controller.vhd
    Info (12022): Found design unit 1: ov7670_controller-Behavioral File: C:/Users/João Vicente/Desktop/Projeto SD/Projeto160x120/ov7670_controller.vhd Line: 23
    Info (12023): Found entity 1: ov7670_controller File: C:/Users/João Vicente/Desktop/Projeto SD/Projeto160x120/ov7670_controller.vhd Line: 11
Info (12021): Found 2 design units, including 1 entities, in source file ov7670_capture.vhd
    Info (12022): Found design unit 1: ov7670_capture-Behavioral File: C:/Users/João Vicente/Desktop/Projeto SD/Projeto160x120/ov7670_capture.vhd Line: 21
    Info (12023): Found entity 1: ov7670_capture File: C:/Users/João Vicente/Desktop/Projeto SD/Projeto160x120/ov7670_capture.vhd Line: 11
Info (12021): Found 2 design units, including 1 entities, in source file i2c_sender.vhd
    Info (12022): Found design unit 1: i2c_sender-Behavioral File: C:/Users/João Vicente/Desktop/Projeto SD/Projeto160x120/i2c_sender.vhd Line: 22
    Info (12023): Found entity 1: i2c_sender File: C:/Users/João Vicente/Desktop/Projeto SD/Projeto160x120/i2c_sender.vhd Line: 11
Info (12021): Found 2 design units, including 1 entities, in source file fsm_achandoponto.vhd
    Info (12022): Found design unit 1: FSM_AchandoPonto-behav File: C:/Users/João Vicente/Desktop/Projeto SD/Projeto160x120/FSM_AchandoPonto.vhd Line: 26
    Info (12023): Found entity 1: FSM_AchandoPonto File: C:/Users/João Vicente/Desktop/Projeto SD/Projeto160x120/FSM_AchandoPonto.vhd Line: 8
Info (12021): Found 2 design units, including 1 entities, in source file frame_buffer.vhd
    Info (12022): Found design unit 1: frame_buffer-SYN File: C:/Users/João Vicente/Desktop/Projeto SD/Projeto160x120/frame_buffer.vhd Line: 57
    Info (12023): Found entity 1: frame_buffer File: C:/Users/João Vicente/Desktop/Projeto SD/Projeto160x120/frame_buffer.vhd Line: 43
Info (12021): Found 2 design units, including 1 entities, in source file desenhaquadrado.vhd
    Info (12022): Found design unit 1: DesenhaQuadrado-behav File: C:/Users/João Vicente/Desktop/Projeto SD/Projeto160x120/DesenhaQuadrado.vhd Line: 17
    Info (12023): Found entity 1: DesenhaQuadrado File: C:/Users/João Vicente/Desktop/Projeto SD/Projeto160x120/DesenhaQuadrado.vhd Line: 8
Info (12021): Found 2 design units, including 1 entities, in source file debounce.vhd
    Info (12022): Found design unit 1: debounce-Behavioral File: C:/Users/João Vicente/Desktop/Projeto SD/Projeto160x120/debounce.vhd Line: 17
    Info (12023): Found entity 1: debounce File: C:/Users/João Vicente/Desktop/Projeto SD/Projeto160x120/debounce.vhd Line: 11
Info (12021): Found 2 design units, including 1 entities, in source file comparadores.vhd
    Info (12022): Found design unit 1: Comparadores-behav File: C:/Users/João Vicente/Desktop/Projeto SD/Projeto160x120/Comparadores.vhd Line: 16
    Info (12023): Found entity 1: Comparadores File: C:/Users/João Vicente/Desktop/Projeto SD/Projeto160x120/Comparadores.vhd Line: 8
Info (12127): Elaborating entity "ov7670_top" for the top level hierarchy
Info (12128): Elaborating entity "debounce" for hierarchy "debounce:btn_debounce" File: C:/Users/João Vicente/Desktop/Projeto SD/Projeto160x120/ov7670_top.vhd Line: 122
Info (12128): Elaborating entity "vga" for hierarchy "vga:Inst_vga" File: C:/Users/João Vicente/Desktop/Projeto SD/Projeto160x120/ov7670_top.vhd Line: 129
Info (12128): Elaborating entity "frame_buffer" for hierarchy "frame_buffer:fb" File: C:/Users/João Vicente/Desktop/Projeto SD/Projeto160x120/ov7670_top.vhd Line: 141
Info (12128): Elaborating entity "altsyncram" for hierarchy "frame_buffer:fb|altsyncram:altsyncram_component" File: C:/Users/João Vicente/Desktop/Projeto SD/Projeto160x120/frame_buffer.vhd Line: 64
Info (12130): Elaborated megafunction instantiation "frame_buffer:fb|altsyncram:altsyncram_component" File: C:/Users/João Vicente/Desktop/Projeto SD/Projeto160x120/frame_buffer.vhd Line: 64
Info (12133): Instantiated megafunction "frame_buffer:fb|altsyncram:altsyncram_component" with the following parameter: File: C:/Users/João Vicente/Desktop/Projeto SD/Projeto160x120/frame_buffer.vhd Line: 64
    Info (12134): Parameter "address_aclr_a" = "UNUSED"
    Info (12134): Parameter "address_aclr_b" = "NONE"
    Info (12134): Parameter "address_reg_b" = "CLOCK1"
    Info (12134): Parameter "byte_size" = "8"
    Info (12134): Parameter "byteena_aclr_a" = "UNUSED"
    Info (12134): Parameter "byteena_aclr_b" = "NONE"
    Info (12134): Parameter "byteena_reg_b" = "CLOCK1"
    Info (12134): Parameter "clock_enable_core_a" = "USE_INPUT_CLKEN"
    Info (12134): Parameter "clock_enable_core_b" = "USE_INPUT_CLKEN"
    Info (12134): Parameter "clock_enable_input_a" = "BYPASS"
    Info (12134): Parameter "clock_enable_input_b" = "BYPASS"
    Info (12134): Parameter "clock_enable_output_a" = "NORMAL"
    Info (12134): Parameter "clock_enable_output_b" = "BYPASS"
    Info (12134): Parameter "intended_device_family" = "Cyclone V"
    Info (12134): Parameter "ecc_pipeline_stage_enabled" = "FALSE"
    Info (12134): Parameter "enable_ecc" = "FALSE"
    Info (12134): Parameter "implement_in_les" = "OFF"
    Info (12134): Parameter "indata_aclr_a" = "UNUSED"
    Info (12134): Parameter "indata_aclr_b" = "NONE"
    Info (12134): Parameter "indata_reg_b" = "CLOCK1"
    Info (12134): Parameter "init_file" = "UNUSED"
    Info (12134): Parameter "init_file_layout" = "PORT_A"
    Info (12134): Parameter "maximum_depth" = "0"
    Info (12134): Parameter "numwords_a" = "32768"
    Info (12134): Parameter "numwords_b" = "32768"
    Info (12134): Parameter "operation_mode" = "DUAL_PORT"
    Info (12134): Parameter "outdata_aclr_a" = "NONE"
    Info (12134): Parameter "outdata_aclr_b" = "NONE"
    Info (12134): Parameter "outdata_reg_a" = "UNREGISTERED"
    Info (12134): Parameter "outdata_reg_b" = "CLOCK1"
    Info (12134): Parameter "power_up_uninitialized" = "FALSE"
    Info (12134): Parameter "ram_block_type" = "AUTO"
    Info (12134): Parameter "rdcontrol_aclr_b" = "NONE"
    Info (12134): Parameter "rdcontrol_reg_b" = "CLOCK1"
    Info (12134): Parameter "read_during_write_mode_mixed_ports" = "DONT_CARE"
    Info (12134): Parameter "read_during_write_mode_port_a" = "NEW_DATA_NO_NBE_READ"
    Info (12134): Parameter "read_during_write_mode_port_b" = "NEW_DATA_NO_NBE_READ"
    Info (12134): Parameter "stratixiv_m144k_allow_dual_clocks" = "ON"
    Info (12134): Parameter "width_a" = "8"
    Info (12134): Parameter "width_b" = "8"
    Info (12134): Parameter "width_byteena_a" = "1"
    Info (12134): Parameter "width_byteena_b" = "1"
    Info (12134): Parameter "width_eccstatus" = "3"
    Info (12134): Parameter "widthad_a" = "15"
    Info (12134): Parameter "widthad_b" = "15"
    Info (12134): Parameter "wrcontrol_aclr_a" = "UNUSED"
    Info (12134): Parameter "wrcontrol_aclr_b" = "NONE"
    Info (12134): Parameter "wrcontrol_wraddress_reg_b" = "CLOCK1"
    Info (12134): Parameter "lpm_hint" = "UNUSED"
    Info (12134): Parameter "lpm_type" = "altsyncram"
Info (12021): Found 1 design units, including 1 entities, in source file db/altsyncram_ovu3.tdf
    Info (12023): Found entity 1: altsyncram_ovu3 File: C:/Users/João Vicente/Desktop/Projeto SD/Projeto160x120/db/altsyncram_ovu3.tdf Line: 34
Info (12128): Elaborating entity "altsyncram_ovu3" for hierarchy "frame_buffer:fb|altsyncram:altsyncram_component|altsyncram_ovu3:auto_generated" File: c:/altera_lite/16.0/quartus/libraries/megafunctions/altsyncram.tdf Line: 792
Info (12021): Found 1 design units, including 1 entities, in source file db/decode_8la.tdf
    Info (12023): Found entity 1: decode_8la File: C:/Users/João Vicente/Desktop/Projeto SD/Projeto160x120/db/decode_8la.tdf Line: 23
Info (12128): Elaborating entity "decode_8la" for hierarchy "frame_buffer:fb|altsyncram:altsyncram_component|altsyncram_ovu3:auto_generated|decode_8la:decode2" File: C:/Users/João Vicente/Desktop/Projeto SD/Projeto160x120/db/altsyncram_ovu3.tdf Line: 47
Info (12021): Found 1 design units, including 1 entities, in source file db/decode_11a.tdf
    Info (12023): Found entity 1: decode_11a File: C:/Users/João Vicente/Desktop/Projeto SD/Projeto160x120/db/decode_11a.tdf Line: 23
Info (12128): Elaborating entity "decode_11a" for hierarchy "frame_buffer:fb|altsyncram:altsyncram_component|altsyncram_ovu3:auto_generated|decode_11a:rden_decode_b" File: C:/Users/João Vicente/Desktop/Projeto SD/Projeto160x120/db/altsyncram_ovu3.tdf Line: 48
Info (12021): Found 1 design units, including 1 entities, in source file db/mux_ofb.tdf
    Info (12023): Found entity 1: mux_ofb File: C:/Users/João Vicente/Desktop/Projeto SD/Projeto160x120/db/mux_ofb.tdf Line: 23
Info (12128): Elaborating entity "mux_ofb" for hierarchy "frame_buffer:fb|altsyncram:altsyncram_component|altsyncram_ovu3:auto_generated|mux_ofb:mux3" File: C:/Users/João Vicente/Desktop/Projeto SD/Projeto160x120/db/altsyncram_ovu3.tdf Line: 50
Info (12128): Elaborating entity "ov7670_capture" for hierarchy "ov7670_capture:capture" File: C:/Users/João Vicente/Desktop/Projeto SD/Projeto160x120/ov7670_top.vhd Line: 153
Info (12128): Elaborating entity "ov7670_controller" for hierarchy "ov7670_controller:controller" File: C:/Users/João Vicente/Desktop/Projeto SD/Projeto160x120/ov7670_top.vhd Line: 164
Info (12128): Elaborating entity "i2c_sender" for hierarchy "ov7670_controller:controller|i2c_sender:Inst_i2c_sender" File: C:/Users/João Vicente/Desktop/Projeto SD/Projeto160x120/ov7670_controller.vhd Line: 58
Info (12128): Elaborating entity "ov7670_registers" for hierarchy "ov7670_controller:controller|ov7670_registers:Inst_ov7670_registers" File: C:/Users/João Vicente/Desktop/Projeto SD/Projeto160x120/ov7670_controller.vhd Line: 73
Info (12128): Elaborating entity "Top_AchandoPonto" for hierarchy "Top_AchandoPonto:AchandoPonto" File: C:/Users/João Vicente/Desktop/Projeto SD/Projeto160x120/ov7670_top.vhd Line: 176
Info (12128): Elaborating entity "FSM_AchandoPonto" for hierarchy "Top_AchandoPonto:AchandoPonto|FSM_AchandoPonto:FSM" File: C:/Users/João Vicente/Desktop/Projeto SD/Projeto160x120/Top_AchandoPonto.vhd Line: 85
Warning (10541): VHDL Signal Declaration warning at FSM_AchandoPonto.vhd(22): used implicit default value for signal "contaPretosNoPonto" because signal was never assigned a value or an explicit default value. Use of implicit default value may introduce unintended design optimizations. File: C:/Users/João Vicente/Desktop/Projeto SD/Projeto160x120/FSM_AchandoPonto.vhd Line: 22
Warning (10492): VHDL Process Statement warning at FSM_AchandoPonto.vhd(41): signal "addrIgualZero" is read inside the Process Statement but isn't in the Process Statement's sensitivity list File: C:/Users/João Vicente/Desktop/Projeto SD/Projeto160x120/FSM_AchandoPonto.vhd Line: 41
Warning (10492): VHDL Process Statement warning at FSM_AchandoPonto.vhd(46): signal "fimDaImagem" is read inside the Process Statement but isn't in the Process Statement's sensitivity list File: C:/Users/João Vicente/Desktop/Projeto SD/Projeto160x120/FSM_AchandoPonto.vhd Line: 46
Warning (10492): VHDL Process Statement warning at FSM_AchandoPonto.vhd(48): signal "pontoTerminou" is read inside the Process Statement but isn't in the Process Statement's sensitivity list File: C:/Users/João Vicente/Desktop/Projeto SD/Projeto160x120/FSM_AchandoPonto.vhd Line: 48
Warning (10492): VHDL Process Statement warning at FSM_AchandoPonto.vhd(50): signal "wren" is read inside the Process Statement but isn't in the Process Statement's sensitivity list File: C:/Users/João Vicente/Desktop/Projeto SD/Projeto160x120/FSM_AchandoPonto.vhd Line: 50
Warning (10492): VHDL Process Statement warning at FSM_AchandoPonto.vhd(50): signal "pixelPreto" is read inside the Process Statement but isn't in the Process Statement's sensitivity list File: C:/Users/João Vicente/Desktop/Projeto SD/Projeto160x120/FSM_AchandoPonto.vhd Line: 50
Warning (10492): VHDL Process Statement warning at FSM_AchandoPonto.vhd(52): signal "wren" is read inside the Process Statement but isn't in the Process Statement's sensitivity list File: C:/Users/João Vicente/Desktop/Projeto SD/Projeto160x120/FSM_AchandoPonto.vhd Line: 52
Warning (10492): VHDL Process Statement warning at FSM_AchandoPonto.vhd(52): signal "pixelPreto" is read inside the Process Statement but isn't in the Process Statement's sensitivity list File: C:/Users/João Vicente/Desktop/Projeto SD/Projeto160x120/FSM_AchandoPonto.vhd Line: 52
Warning (10492): VHDL Process Statement warning at FSM_AchandoPonto.vhd(52): signal "achou" is read inside the Process Statement but isn't in the Process Statement's sensitivity list File: C:/Users/João Vicente/Desktop/Projeto SD/Projeto160x120/FSM_AchandoPonto.vhd Line: 52
Warning (10492): VHDL Process Statement warning at FSM_AchandoPonto.vhd(54): signal "wren" is read inside the Process Statement but isn't in the Process Statement's sensitivity list File: C:/Users/João Vicente/Desktop/Projeto SD/Projeto160x120/FSM_AchandoPonto.vhd Line: 54
Warning (10492): VHDL Process Statement warning at FSM_AchandoPonto.vhd(54): signal "pixelPreto" is read inside the Process Statement but isn't in the Process Statement's sensitivity list File: C:/Users/João Vicente/Desktop/Projeto SD/Projeto160x120/FSM_AchandoPonto.vhd Line: 54
Warning (10492): VHDL Process Statement warning at FSM_AchandoPonto.vhd(54): signal "achou" is read inside the Process Statement but isn't in the Process Statement's sensitivity list File: C:/Users/João Vicente/Desktop/Projeto SD/Projeto160x120/FSM_AchandoPonto.vhd Line: 54
Warning (10492): VHDL Process Statement warning at FSM_AchandoPonto.vhd(68): signal "fimDaImagem" is read inside the Process Statement but isn't in the Process Statement's sensitivity list File: C:/Users/João Vicente/Desktop/Projeto SD/Projeto160x120/FSM_AchandoPonto.vhd Line: 68
Info (10041): Inferred latch for "ativarQuad" at FSM_AchandoPonto.vhd(97) File: C:/Users/João Vicente/Desktop/Projeto SD/Projeto160x120/FSM_AchandoPonto.vhd Line: 97
Info (10041): Inferred latch for "achou" at FSM_AchandoPonto.vhd(93) File: C:/Users/João Vicente/Desktop/Projeto SD/Projeto160x120/FSM_AchandoPonto.vhd Line: 93
Info (12128): Elaborating entity "Comparadores" for hierarchy "Top_AchandoPonto:AchandoPonto|Comparadores:Comparador" File: C:/Users/João Vicente/Desktop/Projeto SD/Projeto160x120/Top_AchandoPonto.vhd Line: 103
Info (10041): Inferred latch for "terminou" at Comparadores.vhd(41) File: C:/Users/João Vicente/Desktop/Projeto SD/Projeto160x120/Comparadores.vhd Line: 41
Info (12128): Elaborating entity "WrenSync" for hierarchy "Top_AchandoPonto:AchandoPonto|WrenSync:Sync_Escrita" File: C:/Users/João Vicente/Desktop/Projeto SD/Projeto160x120/Top_AchandoPonto.vhd Line: 120
Info (12128): Elaborating entity "PosicaoPonto" for hierarchy "Top_AchandoPonto:AchandoPonto|PosicaoPonto:PosPonto" File: C:/Users/João Vicente/Desktop/Projeto SD/Projeto160x120/Top_AchandoPonto.vhd Line: 126
Info (12128): Elaborating entity "DesenhaQuadrado" for hierarchy "Top_AchandoPonto:AchandoPonto|DesenhaQuadrado:DrawRect" File: C:/Users/João Vicente/Desktop/Projeto SD/Projeto160x120/Top_AchandoPonto.vhd Line: 137
Info: Quartus Prime Analysis & Elaboration was successful. 0 errors, 14 warnings
    Info: Peak virtual memory: 931 megabytes
    Info: Processing ended: Thu Oct 13 19:52:37 2016
    Info: Elapsed time: 00:00:40
    Info: Total CPU time (on all processors): 00:01:24


