Analysis & Synthesis report for ov7670_top
Tue Oct 18 17:00:02 2016
Quartus II 64-Bit Version 13.0.1 Build 232 06/12/2013 Service Pack 1 SJ Web Edition


---------------------
; Table of Contents ;
---------------------
  1. Legal Notice
  2. Analysis & Synthesis Summary
  3. Analysis & Synthesis Settings
  4. Parallel Compilation
  5. Analysis & Synthesis Source Files Read
  6. Analysis & Synthesis Resource Usage Summary
  7. Analysis & Synthesis Resource Utilization by Entity
  8. Analysis & Synthesis RAM Summary
  9. Analysis & Synthesis IP Cores Summary
 10. Registers Removed During Synthesis
 11. General Register Statistics
 12. Inverted Register Statistics
 13. Registers Packed Into Inferred Megafunctions
 14. Multiplexer Restructuring Statistics (Restructuring Performed)
 15. Source assignments for frame_buffer:fb|altsyncram:altsyncram_component|altsyncram_ikj1:auto_generated
 16. Source assignments for frame_buffer:fb|altsyncram:altsyncram_component|altsyncram_ikj1:auto_generated|altsyncram_pes1:altsyncram1
 17. Source assignments for ov7670_controller:controller|ov7670_registers:Inst_ov7670_registers|altsyncram:Mux0_rtl_0|altsyncram_f501:auto_generated
 18. Parameter Settings for User Entity Instance: frame_buffer:fb|altsyncram:altsyncram_component
 19. Parameter Settings for Inferred Entity Instance: ov7670_controller:controller|ov7670_registers:Inst_ov7670_registers|altsyncram:Mux0_rtl_0
 20. altsyncram Parameter Settings by Entity Instance
 21. Port Connectivity Checks: "ov7670_controller:controller|i2c_sender:Inst_i2c_sender"
 22. Elapsed Time Per Partition
 23. Analysis & Synthesis Messages



----------------
; Legal Notice ;
----------------
Copyright (C) 1991-2013 Altera Corporation
Your use of Altera Corporation's design tools, logic functions 
and other software and tools, and its AMPP partner logic 
functions, and any output files from any of the foregoing 
(including device programming or simulation files), and any 
associated documentation or information are expressly subject 
to the terms and conditions of the Altera Program License 
Subscription Agreement, Altera MegaCore Function License 
Agreement, or other applicable license agreement, including, 
without limitation, that your use is for the sole purpose of 
programming logic devices manufactured by Altera and sold by 
Altera or its authorized distributors.  Please refer to the 
applicable agreement for further details.



+--------------------------------------------------------------------------------------+
; Analysis & Synthesis Summary                                                         ;
+------------------------------------+-------------------------------------------------+
; Analysis & Synthesis Status        ; Successful - Tue Oct 18 17:00:02 2016           ;
; Quartus II 64-Bit Version          ; 13.0.1 Build 232 06/12/2013 SP 1 SJ Web Edition ;
; Revision Name                      ; ov7670_top                                      ;
; Top-level Entity Name              ; ov7670_top                                      ;
; Family                             ; Cyclone II                                      ;
; Total logic elements               ; 536                                             ;
;     Total combinational functions  ; 486                                             ;
;     Dedicated logic registers      ; 244                                             ;
; Total registers                    ; 244                                             ;
; Total pins                         ; 36                                              ;
; Total virtual pins                 ; 0                                               ;
; Total memory bits                  ; 266,240                                         ;
; Embedded Multiplier 9-bit elements ; 0                                               ;
; Total PLLs                         ; 0                                               ;
+------------------------------------+-------------------------------------------------+


+----------------------------------------------------------------------------------------------------------------------+
; Analysis & Synthesis Settings                                                                                        ;
+----------------------------------------------------------------------------+--------------------+--------------------+
; Option                                                                     ; Setting            ; Default Value      ;
+----------------------------------------------------------------------------+--------------------+--------------------+
; Device                                                                     ; EP2C35F672C6       ;                    ;
; Top-level entity name                                                      ; ov7670_top         ; ov7670_top         ;
; Family name                                                                ; Cyclone II         ; Cyclone IV GX      ;
; Use smart compilation                                                      ; Off                ; Off                ;
; Enable parallel Assembler and TimeQuest Timing Analyzer during compilation ; On                 ; On                 ;
; Enable compact report table                                                ; Off                ; Off                ;
; Restructure Multiplexers                                                   ; Auto               ; Auto               ;
; Create Debugging Nodes for IP Cores                                        ; Off                ; Off                ;
; Preserve fewer node names                                                  ; On                 ; On                 ;
; Disable OpenCore Plus hardware evaluation                                  ; Off                ; Off                ;
; Verilog Version                                                            ; Verilog_2001       ; Verilog_2001       ;
; VHDL Version                                                               ; VHDL_1993          ; VHDL_1993          ;
; State Machine Processing                                                   ; Auto               ; Auto               ;
; Safe State Machine                                                         ; Off                ; Off                ;
; Extract Verilog State Machines                                             ; On                 ; On                 ;
; Extract VHDL State Machines                                                ; On                 ; On                 ;
; Ignore Verilog initial constructs                                          ; Off                ; Off                ;
; Iteration limit for constant Verilog loops                                 ; 5000               ; 5000               ;
; Iteration limit for non-constant Verilog loops                             ; 250                ; 250                ;
; Add Pass-Through Logic to Inferred RAMs                                    ; On                 ; On                 ;
; Infer RAMs from Raw Logic                                                  ; On                 ; On                 ;
; Parallel Synthesis                                                         ; On                 ; On                 ;
; DSP Block Balancing                                                        ; Auto               ; Auto               ;
; NOT Gate Push-Back                                                         ; On                 ; On                 ;
; Power-Up Don't Care                                                        ; On                 ; On                 ;
; Remove Redundant Logic Cells                                               ; Off                ; Off                ;
; Remove Duplicate Registers                                                 ; On                 ; On                 ;
; Ignore CARRY Buffers                                                       ; Off                ; Off                ;
; Ignore CASCADE Buffers                                                     ; Off                ; Off                ;
; Ignore GLOBAL Buffers                                                      ; Off                ; Off                ;
; Ignore ROW GLOBAL Buffers                                                  ; Off                ; Off                ;
; Ignore LCELL Buffers                                                       ; Off                ; Off                ;
; Ignore SOFT Buffers                                                        ; On                 ; On                 ;
; Limit AHDL Integers to 32 Bits                                             ; Off                ; Off                ;
; Optimization Technique                                                     ; Balanced           ; Balanced           ;
; Carry Chain Length                                                         ; 70                 ; 70                 ;
; Auto Carry Chains                                                          ; On                 ; On                 ;
; Auto Open-Drain Pins                                                       ; On                 ; On                 ;
; Perform WYSIWYG Primitive Resynthesis                                      ; Off                ; Off                ;
; Auto ROM Replacement                                                       ; On                 ; On                 ;
; Auto RAM Replacement                                                       ; On                 ; On                 ;
; Auto Shift Register Replacement                                            ; Auto               ; Auto               ;
; Allow Shift Register Merging across Hierarchies                            ; Auto               ; Auto               ;
; Auto Clock Enable Replacement                                              ; On                 ; On                 ;
; Strict RAM Replacement                                                     ; Off                ; Off                ;
; Allow Synchronous Control Signals                                          ; On                 ; On                 ;
; Force Use of Synchronous Clear Signals                                     ; Off                ; Off                ;
; Auto RAM to Logic Cell Conversion                                          ; Off                ; Off                ;
; Auto Resource Sharing                                                      ; Off                ; Off                ;
; Allow Any RAM Size For Recognition                                         ; Off                ; Off                ;
; Allow Any ROM Size For Recognition                                         ; Off                ; Off                ;
; Allow Any Shift Register Size For Recognition                              ; Off                ; Off                ;
; Use LogicLock Constraints during Resource Balancing                        ; On                 ; On                 ;
; Ignore translate_off and synthesis_off directives                          ; Off                ; Off                ;
; Timing-Driven Synthesis                                                    ; Off                ; Off                ;
; Report Parameter Settings                                                  ; On                 ; On                 ;
; Report Source Assignments                                                  ; On                 ; On                 ;
; Report Connectivity Checks                                                 ; On                 ; On                 ;
; Ignore Maximum Fan-Out Assignments                                         ; Off                ; Off                ;
; Synchronization Register Chain Length                                      ; 2                  ; 2                  ;
; PowerPlay Power Optimization                                               ; Normal compilation ; Normal compilation ;
; HDL message level                                                          ; Level2             ; Level2             ;
; Suppress Register Optimization Related Messages                            ; Off                ; Off                ;
; Number of Removed Registers Reported in Synthesis Report                   ; 5000               ; 5000               ;
; Number of Swept Nodes Reported in Synthesis Report                         ; 5000               ; 5000               ;
; Number of Inverted Registers Reported in Synthesis Report                  ; 100                ; 100                ;
; Clock MUX Protection                                                       ; On                 ; On                 ;
; Auto Gated Clock Conversion                                                ; Off                ; Off                ;
; Block Design Naming                                                        ; Auto               ; Auto               ;
; SDC constraint protection                                                  ; Off                ; Off                ;
; Synthesis Effort                                                           ; Auto               ; Auto               ;
; Shift Register Replacement - Allow Asynchronous Clear Signal               ; On                 ; On                 ;
; Pre-Mapping Resynthesis Optimization                                       ; Off                ; Off                ;
; Analysis & Synthesis Message Level                                         ; Medium             ; Medium             ;
; Disable Register Merging Across Hierarchies                                ; Auto               ; Auto               ;
; Resource Aware Inference For Block RAM                                     ; On                 ; On                 ;
; Synthesis Seed                                                             ; 1                  ; 1                  ;
+----------------------------------------------------------------------------+--------------------+--------------------+


Parallel compilation was disabled, but you have multiple processors available. Enable parallel compilation to reduce compilation time.
+-------------------------------------+
; Parallel Compilation                ;
+----------------------------+--------+
; Processors                 ; Number ;
+----------------------------+--------+
; Number detected on machine ; 4      ;
; Maximum allowed            ; 1      ;
+----------------------------+--------+


+----------------------------------------------------------------------------------------------------------------------------------------------------------------------------------------------+
; Analysis & Synthesis Source Files Read                                                                                                                                                       ;
+----------------------------------+-----------------+------------------------------+------------------------------------------------------------------------------------------------+---------+
; File Name with User-Entered Path ; Used in Netlist ; File Type                    ; File Name with Absolute Path                                                                   ; Library ;
+----------------------------------+-----------------+------------------------------+------------------------------------------------------------------------------------------------+---------+
; debounce.vhd                     ; yes             ; User VHDL File               ; /home/100000000821715/Documentos/teste na placa/Projeto SD/ProjetoNaVGA/debounce.vhd           ;         ;
; frame_buffer.vhd                 ; yes             ; User Wizard-Generated File   ; /home/100000000821715/Documentos/teste na placa/Projeto SD/ProjetoNaVGA/frame_buffer.vhd       ;         ;
; i2c_sender.vhd                   ; yes             ; User VHDL File               ; /home/100000000821715/Documentos/teste na placa/Projeto SD/ProjetoNaVGA/i2c_sender.vhd         ;         ;
; ov7670_capture.vhd               ; yes             ; User VHDL File               ; /home/100000000821715/Documentos/teste na placa/Projeto SD/ProjetoNaVGA/ov7670_capture.vhd     ;         ;
; ov7670_controller.vhd            ; yes             ; User VHDL File               ; /home/100000000821715/Documentos/teste na placa/Projeto SD/ProjetoNaVGA/ov7670_controller.vhd  ;         ;
; ov7670_registers.vhd             ; yes             ; User VHDL File               ; /home/100000000821715/Documentos/teste na placa/Projeto SD/ProjetoNaVGA/ov7670_registers.vhd   ;         ;
; ov7670_top.vhd                   ; yes             ; User VHDL File               ; /home/100000000821715/Documentos/teste na placa/Projeto SD/ProjetoNaVGA/ov7670_top.vhd         ;         ;
; vga.vhd                          ; yes             ; User VHDL File               ; /home/100000000821715/Documentos/teste na placa/Projeto SD/ProjetoNaVGA/vga.vhd                ;         ;
; altsyncram.tdf                   ; yes             ; Megafunction                 ; /opt/altera/13.0sp1/quartus/libraries/megafunctions/altsyncram.tdf                             ;         ;
; stratix_ram_block.inc            ; yes             ; Megafunction                 ; /opt/altera/13.0sp1/quartus/libraries/megafunctions/stratix_ram_block.inc                      ;         ;
; lpm_mux.inc                      ; yes             ; Megafunction                 ; /opt/altera/13.0sp1/quartus/libraries/megafunctions/lpm_mux.inc                                ;         ;
; lpm_decode.inc                   ; yes             ; Megafunction                 ; /opt/altera/13.0sp1/quartus/libraries/megafunctions/lpm_decode.inc                             ;         ;
; aglobal130.inc                   ; yes             ; Megafunction                 ; /opt/altera/13.0sp1/quartus/libraries/megafunctions/aglobal130.inc                             ;         ;
; a_rdenreg.inc                    ; yes             ; Megafunction                 ; /opt/altera/13.0sp1/quartus/libraries/megafunctions/a_rdenreg.inc                              ;         ;
; altrom.inc                       ; yes             ; Megafunction                 ; /opt/altera/13.0sp1/quartus/libraries/megafunctions/altrom.inc                                 ;         ;
; altram.inc                       ; yes             ; Megafunction                 ; /opt/altera/13.0sp1/quartus/libraries/megafunctions/altram.inc                                 ;         ;
; altdpram.inc                     ; yes             ; Megafunction                 ; /opt/altera/13.0sp1/quartus/libraries/megafunctions/altdpram.inc                               ;         ;
; db/altsyncram_ikj1.tdf           ; yes             ; Auto-Generated Megafunction  ; /home/100000000821715/Documentos/teste na placa/Projeto SD/ProjetoNaVGA/db/altsyncram_ikj1.tdf ;         ;
; db/altsyncram_pes1.tdf           ; yes             ; Auto-Generated Megafunction  ; /home/100000000821715/Documentos/teste na placa/Projeto SD/ProjetoNaVGA/db/altsyncram_pes1.tdf ;         ;
; db/decode_9oa.tdf                ; yes             ; Auto-Generated Megafunction  ; /home/100000000821715/Documentos/teste na placa/Projeto SD/ProjetoNaVGA/db/decode_9oa.tdf      ;         ;
; db/mux_pib.tdf                   ; yes             ; Auto-Generated Megafunction  ; /home/100000000821715/Documentos/teste na placa/Projeto SD/ProjetoNaVGA/db/mux_pib.tdf         ;         ;
; db/altsyncram_f501.tdf           ; yes             ; Auto-Generated Megafunction  ; /home/100000000821715/Documentos/teste na placa/Projeto SD/ProjetoNaVGA/db/altsyncram_f501.tdf ;         ;
+----------------------------------+-----------------+------------------------------+------------------------------------------------------------------------------------------------+---------+


+------------------------------------------------------+
; Analysis & Synthesis Resource Usage Summary          ;
+---------------------------------------------+--------+
; Resource                                    ; Usage  ;
+---------------------------------------------+--------+
; Estimated Total logic elements              ; 536    ;
;                                             ;        ;
; Total combinational functions               ; 486    ;
; Logic element usage by number of LUT inputs ;        ;
;     -- 4 input functions                    ; 133    ;
;     -- 3 input functions                    ; 128    ;
;     -- <=2 input functions                  ; 225    ;
;                                             ;        ;
; Logic elements by mode                      ;        ;
;     -- normal mode                          ; 284    ;
;     -- arithmetic mode                      ; 202    ;
;                                             ;        ;
; Total registers                             ; 244    ;
;     -- Dedicated logic registers            ; 244    ;
;     -- I/O registers                        ; 0      ;
;                                             ;        ;
; I/O pins                                    ; 36     ;
; Total memory bits                           ; 266240 ;
; Embedded Multiplier 9-bit elements          ; 0      ;
; Maximum fan-out node                        ; clk50  ;
; Maximum fan-out                             ; 283    ;
; Total fan-out                               ; 4162   ;
; Average fan-out                             ; 4.92   ;
+---------------------------------------------+--------+


+------------------------------------------------------------------------------------------------------------------------------------------------------------------------------------------------------------------------------------------------------------------------------------------------------------------------+
; Analysis & Synthesis Resource Utilization by Entity                                                                                                                                                                                                                                                                    ;
+------------------------------------------------+-------------------+--------------+-------------+--------------+---------+-----------+------+--------------+--------------------------------------------------------------------------------------------------------------------------------------------+--------------+
; Compilation Hierarchy Node                     ; LC Combinationals ; LC Registers ; Memory Bits ; DSP Elements ; DSP 9x9 ; DSP 18x18 ; Pins ; Virtual Pins ; Full Hierarchy Name                                                                                                                        ; Library Name ;
+------------------------------------------------+-------------------+--------------+-------------+--------------+---------+-----------+------+--------------+--------------------------------------------------------------------------------------------------------------------------------------------+--------------+
; |ov7670_top                                    ; 486 (0)           ; 244 (0)      ; 266240      ; 0            ; 0       ; 0         ; 36   ; 0            ; |ov7670_top                                                                                                                                ; work         ;
;    |debounce:btn_debounce|                     ; 32 (32)           ; 25 (25)      ; 0           ; 0            ; 0       ; 0         ; 0    ; 0            ; |ov7670_top|debounce:btn_debounce                                                                                                          ; work         ;
;    |frame_buffer:fb|                           ; 60 (0)            ; 6 (0)        ; 262144      ; 0            ; 0       ; 0         ; 0    ; 0            ; |ov7670_top|frame_buffer:fb                                                                                                                ; work         ;
;       |altsyncram:altsyncram_component|        ; 60 (0)            ; 6 (0)        ; 262144      ; 0            ; 0       ; 0         ; 0    ; 0            ; |ov7670_top|frame_buffer:fb|altsyncram:altsyncram_component                                                                                ; work         ;
;          |altsyncram_ikj1:auto_generated|      ; 60 (0)            ; 6 (0)        ; 262144      ; 0            ; 0       ; 0         ; 0    ; 0            ; |ov7670_top|frame_buffer:fb|altsyncram:altsyncram_component|altsyncram_ikj1:auto_generated                                                 ; work         ;
;             |altsyncram_pes1:altsyncram1|      ; 60 (0)            ; 6 (6)        ; 262144      ; 0            ; 0       ; 0         ; 0    ; 0            ; |ov7670_top|frame_buffer:fb|altsyncram:altsyncram_component|altsyncram_ikj1:auto_generated|altsyncram_pes1:altsyncram1                     ; work         ;
;                |decode_9oa:decode4|            ; 10 (10)           ; 0 (0)        ; 0           ; 0            ; 0       ; 0         ; 0    ; 0            ; |ov7670_top|frame_buffer:fb|altsyncram:altsyncram_component|altsyncram_ikj1:auto_generated|altsyncram_pes1:altsyncram1|decode_9oa:decode4  ; work         ;
;                |decode_9oa:decode_a|           ; 8 (8)             ; 0 (0)        ; 0           ; 0            ; 0       ; 0         ; 0    ; 0            ; |ov7670_top|frame_buffer:fb|altsyncram:altsyncram_component|altsyncram_ikj1:auto_generated|altsyncram_pes1:altsyncram1|decode_9oa:decode_a ; work         ;
;                |decode_9oa:decode_b|           ; 6 (6)             ; 0 (0)        ; 0           ; 0            ; 0       ; 0         ; 0    ; 0            ; |ov7670_top|frame_buffer:fb|altsyncram:altsyncram_component|altsyncram_ikj1:auto_generated|altsyncram_pes1:altsyncram1|decode_9oa:decode_b ; work         ;
;                |mux_pib:mux5|                  ; 36 (36)           ; 0 (0)        ; 0           ; 0            ; 0       ; 0         ; 0    ; 0            ; |ov7670_top|frame_buffer:fb|altsyncram:altsyncram_component|altsyncram_ikj1:auto_generated|altsyncram_pes1:altsyncram1|mux_pib:mux5        ; work         ;
;    |ov7670_capture:capture|                    ; 25 (25)           ; 41 (41)      ; 0           ; 0            ; 0       ; 0         ; 0    ; 0            ; |ov7670_top|ov7670_capture:capture                                                                                                         ; work         ;
;    |ov7670_controller:controller|              ; 102 (1)           ; 82 (1)       ; 4096        ; 0            ; 0       ; 0         ; 0    ; 0            ; |ov7670_top|ov7670_controller:controller                                                                                                   ; work         ;
;       |i2c_sender:Inst_i2c_sender|             ; 88 (88)           ; 73 (73)      ; 0           ; 0            ; 0       ; 0         ; 0    ; 0            ; |ov7670_top|ov7670_controller:controller|i2c_sender:Inst_i2c_sender                                                                        ; work         ;
;       |ov7670_registers:Inst_ov7670_registers| ; 13 (13)           ; 8 (8)        ; 4096        ; 0            ; 0       ; 0         ; 0    ; 0            ; |ov7670_top|ov7670_controller:controller|ov7670_registers:Inst_ov7670_registers                                                            ; work         ;
;          |altsyncram:Mux0_rtl_0|               ; 0 (0)             ; 0 (0)        ; 4096        ; 0            ; 0       ; 0         ; 0    ; 0            ; |ov7670_top|ov7670_controller:controller|ov7670_registers:Inst_ov7670_registers|altsyncram:Mux0_rtl_0                                      ; work         ;
;             |altsyncram_f501:auto_generated|   ; 0 (0)             ; 0 (0)        ; 4096        ; 0            ; 0       ; 0         ; 0    ; 0            ; |ov7670_top|ov7670_controller:controller|ov7670_registers:Inst_ov7670_registers|altsyncram:Mux0_rtl_0|altsyncram_f501:auto_generated       ; work         ;
;    |vga:Inst_vga|                              ; 267 (267)         ; 90 (90)      ; 0           ; 0            ; 0       ; 0         ; 0    ; 0            ; |ov7670_top|vga:Inst_vga                                                                                                                   ; work         ;
+------------------------------------------------+-------------------+--------------+-------------+--------------+---------+-----------+------+--------------+--------------------------------------------------------------------------------------------------------------------------------------------+--------------+
Note: For table entries with two numbers listed, the numbers in parentheses indicate the number of resources of the given type used by the specific entity alone. The numbers listed outside of parentheses indicate the total resources of the given type used by the specific entity and all of its sub-entities in the hierarchy.


+---------------------------------------------------------------------------------------------------------------------------------------------------------------------------------------------------------------------------------------------------------------------+
; Analysis & Synthesis RAM Summary                                                                                                                                                                                                                                    ;
+-------------------------------------------------------------------------------------------------------------------------------------+------+----------------+--------------+--------------+--------------+--------------+--------+----------------------------------+
; Name                                                                                                                                ; Type ; Mode           ; Port A Depth ; Port A Width ; Port B Depth ; Port B Width ; Size   ; MIF                              ;
+-------------------------------------------------------------------------------------------------------------------------------------+------+----------------+--------------+--------------+--------------+--------------+--------+----------------------------------+
; frame_buffer:fb|altsyncram:altsyncram_component|altsyncram_ikj1:auto_generated|altsyncram_pes1:altsyncram1|ALTSYNCRAM               ; AUTO ; True Dual Port ; 32768        ; 8            ; 32768        ; 8            ; 262144 ; None                             ;
; ov7670_controller:controller|ov7670_registers:Inst_ov7670_registers|altsyncram:Mux0_rtl_0|altsyncram_f501:auto_generated|ALTSYNCRAM ; AUTO ; ROM            ; 256          ; 16           ; --           ; --           ; 4096   ; ProjetoNaVGA.ov7670_top0.rtl.mif ;
+-------------------------------------------------------------------------------------------------------------------------------------+------+----------------+--------------+--------------+--------------+--------------+--------+----------------------------------+


+----------------------------------------------------------------------------------------------------------------------------------------------------------------------------------------+
; Analysis & Synthesis IP Cores Summary                                                                                                                                                  ;
+--------+--------------+---------+--------------+--------------+-----------------------------+------------------------------------------------------------------------------------------+
; Vendor ; IP Core Name ; Version ; Release Date ; License Type ; Entity Instance             ; IP Include File                                                                          ;
+--------+--------------+---------+--------------+--------------+-----------------------------+------------------------------------------------------------------------------------------+
; Altera ; RAM: 2-PORT  ; N/A     ; N/A          ; N/A          ; |ov7670_top|frame_buffer:fb ; /home/100000000821715/Documentos/teste na placa/Projeto SD/ProjetoNaVGA/frame_buffer.vhd ;
+--------+--------------+---------+--------------+--------------+-----------------------------+------------------------------------------------------------------------------------------+


+-----------------------------------------------------------------------------------------------------------------------+
; Registers Removed During Synthesis                                                                                    ;
+--------------------------------------------------------------------+--------------------------------------------------+
; Register name                                                      ; Reason for Removal                               ;
+--------------------------------------------------------------------+--------------------------------------------------+
; ov7670_controller:controller|i2c_sender:Inst_i2c_sender|data_sr[0] ; Stuck at VCC due to stuck port data_in           ;
; vga:Inst_vga|hCounter[0]                                           ; Merged with ov7670_controller:controller|sys_clk ;
; Total Number of Removed Registers = 2                              ;                                                  ;
+--------------------------------------------------------------------+--------------------------------------------------+


+------------------------------------------------------+
; General Register Statistics                          ;
+----------------------------------------------+-------+
; Statistic                                    ; Value ;
+----------------------------------------------+-------+
; Total registers                              ; 244   ;
; Number of registers using Synchronous Clear  ; 53    ;
; Number of registers using Synchronous Load   ; 33    ;
; Number of registers using Asynchronous Clear ; 0     ;
; Number of registers using Asynchronous Load  ; 0     ;
; Number of registers using Clock Enable       ; 161   ;
; Number of registers using Preset             ; 0     ;
+----------------------------------------------+-------+


+-------------------------------------------------------------------------------+
; Inverted Register Statistics                                                  ;
+---------------------------------------------------------------------+---------+
; Inverted Register                                                   ; Fan out ;
+---------------------------------------------------------------------+---------+
; vga:Inst_vga|blank                                                  ; 11      ;
; vga:Inst_vga|iMin[9]                                                ; 2       ;
; vga:Inst_vga|iMin[8]                                                ; 2       ;
; vga:Inst_vga|iMin[7]                                                ; 2       ;
; vga:Inst_vga|iMin[6]                                                ; 2       ;
; vga:Inst_vga|iMin[5]                                                ; 2       ;
; vga:Inst_vga|iMin[4]                                                ; 2       ;
; vga:Inst_vga|iMin[3]                                                ; 2       ;
; vga:Inst_vga|iMin[0]                                                ; 3       ;
; vga:Inst_vga|iMin[1]                                                ; 3       ;
; vga:Inst_vga|iMin[2]                                                ; 3       ;
; vga:Inst_vga|jMin[10]                                               ; 2       ;
; vga:Inst_vga|jMin[9]                                                ; 2       ;
; vga:Inst_vga|jMin[8]                                                ; 2       ;
; vga:Inst_vga|jMin[7]                                                ; 2       ;
; vga:Inst_vga|jMin[6]                                                ; 2       ;
; vga:Inst_vga|jMin[5]                                                ; 2       ;
; vga:Inst_vga|jMin[4]                                                ; 2       ;
; vga:Inst_vga|jMin[3]                                                ; 2       ;
; vga:Inst_vga|jMin[2]                                                ; 3       ;
; vga:Inst_vga|jMin[1]                                                ; 3       ;
; vga:Inst_vga|jMin[0]                                                ; 3       ;
; ov7670_controller:controller|i2c_sender:Inst_i2c_sender|divider[0]  ; 4       ;
; ov7670_controller:controller|i2c_sender:Inst_i2c_sender|data_sr[31] ; 1       ;
; ov7670_controller:controller|i2c_sender:Inst_i2c_sender|data_sr[30] ; 1       ;
; ov7670_controller:controller|i2c_sender:Inst_i2c_sender|data_sr[29] ; 1       ;
; ov7670_controller:controller|i2c_sender:Inst_i2c_sender|data_sr[28] ; 1       ;
; ov7670_controller:controller|i2c_sender:Inst_i2c_sender|data_sr[27] ; 1       ;
; ov7670_controller:controller|i2c_sender:Inst_i2c_sender|data_sr[26] ; 1       ;
; ov7670_controller:controller|i2c_sender:Inst_i2c_sender|data_sr[25] ; 1       ;
; ov7670_controller:controller|i2c_sender:Inst_i2c_sender|data_sr[24] ; 1       ;
; ov7670_controller:controller|i2c_sender:Inst_i2c_sender|data_sr[23] ; 1       ;
; ov7670_controller:controller|i2c_sender:Inst_i2c_sender|data_sr[22] ; 1       ;
; ov7670_controller:controller|i2c_sender:Inst_i2c_sender|data_sr[21] ; 1       ;
; ov7670_controller:controller|i2c_sender:Inst_i2c_sender|data_sr[20] ; 1       ;
; ov7670_controller:controller|i2c_sender:Inst_i2c_sender|data_sr[19] ; 1       ;
; ov7670_controller:controller|i2c_sender:Inst_i2c_sender|data_sr[18] ; 1       ;
; ov7670_controller:controller|i2c_sender:Inst_i2c_sender|data_sr[17] ; 1       ;
; ov7670_controller:controller|i2c_sender:Inst_i2c_sender|data_sr[16] ; 1       ;
; ov7670_controller:controller|i2c_sender:Inst_i2c_sender|data_sr[15] ; 1       ;
; ov7670_controller:controller|i2c_sender:Inst_i2c_sender|data_sr[14] ; 1       ;
; ov7670_controller:controller|i2c_sender:Inst_i2c_sender|data_sr[13] ; 1       ;
; ov7670_controller:controller|i2c_sender:Inst_i2c_sender|data_sr[12] ; 1       ;
; ov7670_controller:controller|i2c_sender:Inst_i2c_sender|data_sr[11] ; 1       ;
; ov7670_controller:controller|i2c_sender:Inst_i2c_sender|data_sr[10] ; 1       ;
; ov7670_controller:controller|i2c_sender:Inst_i2c_sender|data_sr[9]  ; 1       ;
; ov7670_controller:controller|i2c_sender:Inst_i2c_sender|data_sr[8]  ; 1       ;
; ov7670_controller:controller|i2c_sender:Inst_i2c_sender|data_sr[7]  ; 1       ;
; ov7670_controller:controller|i2c_sender:Inst_i2c_sender|data_sr[6]  ; 1       ;
; ov7670_controller:controller|i2c_sender:Inst_i2c_sender|data_sr[5]  ; 1       ;
; ov7670_controller:controller|i2c_sender:Inst_i2c_sender|data_sr[4]  ; 1       ;
; ov7670_controller:controller|i2c_sender:Inst_i2c_sender|data_sr[3]  ; 1       ;
; ov7670_controller:controller|i2c_sender:Inst_i2c_sender|data_sr[2]  ; 1       ;
; ov7670_controller:controller|i2c_sender:Inst_i2c_sender|data_sr[1]  ; 1       ;
; Total number of inverted registers = 54                             ;         ;
+---------------------------------------------------------------------+---------+


+-------------------------------------------------------------------------------------------------------------------------------------------------------------------------+
; Registers Packed Into Inferred Megafunctions                                                                                                                            ;
+---------------------------------------------------------------------------------+--------------------------------------------------------------------------------+------+
; Register Name                                                                   ; Megafunction                                                                   ; Type ;
+---------------------------------------------------------------------------------+--------------------------------------------------------------------------------+------+
; ov7670_controller:controller|ov7670_registers:Inst_ov7670_registers|sreg[0..15] ; ov7670_controller:controller|ov7670_registers:Inst_ov7670_registers|Mux0_rtl_0 ; ROM  ;
+---------------------------------------------------------------------------------+--------------------------------------------------------------------------------+------+


+-----------------------------------------------------------------------------------------------------------------------------------------------------------------------------------------------+
; Multiplexer Restructuring Statistics (Restructuring Performed)                                                                                                                                ;
+--------------------+-----------+---------------+----------------------+------------------------+------------+---------------------------------------------------------------------------------+
; Multiplexer Inputs ; Bus Width ; Baseline Area ; Area if Restructured ; Saving if Restructured ; Registered ; Example Multiplexer Output                                                      ;
+--------------------+-----------+---------------+----------------------+------------------------+------------+---------------------------------------------------------------------------------+
; 3:1                ; 2 bits    ; 4 LEs         ; 2 LEs                ; 2 LEs                  ; Yes        ; |ov7670_top|ov7670_capture:capture|cnt[1]                                       ;
; 4:1                ; 15 bits   ; 30 LEs        ; 15 LEs               ; 15 LEs                 ; Yes        ; |ov7670_top|ov7670_capture:capture|address[14]                                  ;
; 5:1                ; 31 bits   ; 93 LEs        ; 31 LEs               ; 62 LEs                 ; Yes        ; |ov7670_top|ov7670_controller:controller|i2c_sender:Inst_i2c_sender|busy_sr[5]  ;
; 5:1                ; 7 bits    ; 21 LEs        ; 7 LEs                ; 14 LEs                 ; Yes        ; |ov7670_top|ov7670_controller:controller|i2c_sender:Inst_i2c_sender|divider[4]  ;
; 5:1                ; 17 bits   ; 51 LEs        ; 34 LEs               ; 17 LEs                 ; Yes        ; |ov7670_top|vga:Inst_vga|address[5]                                             ;
; 7:1                ; 4 bits    ; 16 LEs        ; 8 LEs                ; 8 LEs                  ; Yes        ; |ov7670_top|vga:Inst_vga|vga_red[1]                                             ;
; 8:1                ; 4 bits    ; 20 LEs        ; 8 LEs                ; 12 LEs                 ; Yes        ; |ov7670_top|vga:Inst_vga|vga_green[0]                                           ;
; 5:1                ; 15 bits   ; 45 LEs        ; 30 LEs               ; 15 LEs                 ; Yes        ; |ov7670_top|ov7670_controller:controller|i2c_sender:Inst_i2c_sender|data_sr[30] ;
; 5:1                ; 16 bits   ; 48 LEs        ; 16 LEs               ; 32 LEs                 ; Yes        ; |ov7670_top|ov7670_controller:controller|i2c_sender:Inst_i2c_sender|data_sr[16] ;
+--------------------+-----------+---------------+----------------------+------------------------+------------+---------------------------------------------------------------------------------+


+-------------------------------------------------------------------------------------------------------+
; Source assignments for frame_buffer:fb|altsyncram:altsyncram_component|altsyncram_ikj1:auto_generated ;
+---------------------------------+--------------------+------+-----------------------------------------+
; Assignment                      ; Value              ; From ; To                                      ;
+---------------------------------+--------------------+------+-----------------------------------------+
; OPTIMIZE_POWER_DURING_SYNTHESIS ; NORMAL_COMPILATION ; -    ; -                                       ;
+---------------------------------+--------------------+------+-----------------------------------------+


+-----------------------------------------------------------------------------------------------------------------------------------+
; Source assignments for frame_buffer:fb|altsyncram:altsyncram_component|altsyncram_ikj1:auto_generated|altsyncram_pes1:altsyncram1 ;
+---------------------------------+--------------------+------+---------------------------------------------------------------------+
; Assignment                      ; Value              ; From ; To                                                                  ;
+---------------------------------+--------------------+------+---------------------------------------------------------------------+
; OPTIMIZE_POWER_DURING_SYNTHESIS ; NORMAL_COMPILATION ; -    ; -                                                                   ;
+---------------------------------+--------------------+------+---------------------------------------------------------------------+


+-------------------------------------------------------------------------------------------------------------------------------------------------+
; Source assignments for ov7670_controller:controller|ov7670_registers:Inst_ov7670_registers|altsyncram:Mux0_rtl_0|altsyncram_f501:auto_generated ;
+---------------------------------+--------------------+------+-----------------------------------------------------------------------------------+
; Assignment                      ; Value              ; From ; To                                                                                ;
+---------------------------------+--------------------+------+-----------------------------------------------------------------------------------+
; OPTIMIZE_POWER_DURING_SYNTHESIS ; NORMAL_COMPILATION ; -    ; -                                                                                 ;
+---------------------------------+--------------------+------+-----------------------------------------------------------------------------------+


+----------------------------------------------------------------------------------------------+
; Parameter Settings for User Entity Instance: frame_buffer:fb|altsyncram:altsyncram_component ;
+------------------------------------+----------------------+----------------------------------+
; Parameter Name                     ; Value                ; Type                             ;
+------------------------------------+----------------------+----------------------------------+
; BYTE_SIZE_BLOCK                    ; 8                    ; Untyped                          ;
; AUTO_CARRY_CHAINS                  ; ON                   ; AUTO_CARRY                       ;
; IGNORE_CARRY_BUFFERS               ; OFF                  ; IGNORE_CARRY                     ;
; AUTO_CASCADE_CHAINS                ; ON                   ; AUTO_CASCADE                     ;
; IGNORE_CASCADE_BUFFERS             ; OFF                  ; IGNORE_CASCADE                   ;
; WIDTH_BYTEENA                      ; 1                    ; Untyped                          ;
; OPERATION_MODE                     ; DUAL_PORT            ; Untyped                          ;
; WIDTH_A                            ; 8                    ; Signed Integer                   ;
; WIDTHAD_A                          ; 15                   ; Signed Integer                   ;
; NUMWORDS_A                         ; 32768                ; Signed Integer                   ;
; OUTDATA_REG_A                      ; UNREGISTERED         ; Untyped                          ;
; ADDRESS_ACLR_A                     ; NONE                 ; Untyped                          ;
; OUTDATA_ACLR_A                     ; NONE                 ; Untyped                          ;
; WRCONTROL_ACLR_A                   ; NONE                 ; Untyped                          ;
; INDATA_ACLR_A                      ; NONE                 ; Untyped                          ;
; BYTEENA_ACLR_A                     ; NONE                 ; Untyped                          ;
; WIDTH_B                            ; 8                    ; Signed Integer                   ;
; WIDTHAD_B                          ; 15                   ; Signed Integer                   ;
; NUMWORDS_B                         ; 32768                ; Signed Integer                   ;
; INDATA_REG_B                       ; CLOCK1               ; Untyped                          ;
; WRCONTROL_WRADDRESS_REG_B          ; CLOCK1               ; Untyped                          ;
; RDCONTROL_REG_B                    ; CLOCK1               ; Untyped                          ;
; ADDRESS_REG_B                      ; CLOCK1               ; Untyped                          ;
; OUTDATA_REG_B                      ; CLOCK1               ; Untyped                          ;
; BYTEENA_REG_B                      ; CLOCK1               ; Untyped                          ;
; INDATA_ACLR_B                      ; NONE                 ; Untyped                          ;
; WRCONTROL_ACLR_B                   ; NONE                 ; Untyped                          ;
; ADDRESS_ACLR_B                     ; NONE                 ; Untyped                          ;
; OUTDATA_ACLR_B                     ; NONE                 ; Untyped                          ;
; RDCONTROL_ACLR_B                   ; NONE                 ; Untyped                          ;
; BYTEENA_ACLR_B                     ; NONE                 ; Untyped                          ;
; WIDTH_BYTEENA_A                    ; 1                    ; Signed Integer                   ;
; WIDTH_BYTEENA_B                    ; 1                    ; Untyped                          ;
; RAM_BLOCK_TYPE                     ; AUTO                 ; Untyped                          ;
; BYTE_SIZE                          ; 8                    ; Untyped                          ;
; READ_DURING_WRITE_MODE_MIXED_PORTS ; DONT_CARE            ; Untyped                          ;
; READ_DURING_WRITE_MODE_PORT_A      ; NEW_DATA_NO_NBE_READ ; Untyped                          ;
; READ_DURING_WRITE_MODE_PORT_B      ; NEW_DATA_NO_NBE_READ ; Untyped                          ;
; INIT_FILE                          ; UNUSED               ; Untyped                          ;
; INIT_FILE_LAYOUT                   ; PORT_A               ; Untyped                          ;
; MAXIMUM_DEPTH                      ; 0                    ; Untyped                          ;
; CLOCK_ENABLE_INPUT_A               ; BYPASS               ; Untyped                          ;
; CLOCK_ENABLE_INPUT_B               ; BYPASS               ; Untyped                          ;
; CLOCK_ENABLE_OUTPUT_A              ; NORMAL               ; Untyped                          ;
; CLOCK_ENABLE_OUTPUT_B              ; BYPASS               ; Untyped                          ;
; CLOCK_ENABLE_CORE_A                ; USE_INPUT_CLKEN      ; Untyped                          ;
; CLOCK_ENABLE_CORE_B                ; USE_INPUT_CLKEN      ; Untyped                          ;
; ENABLE_ECC                         ; FALSE                ; Untyped                          ;
; ECC_PIPELINE_STAGE_ENABLED         ; FALSE                ; Untyped                          ;
; WIDTH_ECCSTATUS                    ; 3                    ; Untyped                          ;
; DEVICE_FAMILY                      ; Cyclone II           ; Untyped                          ;
; CBXI_PARAMETER                     ; altsyncram_ikj1      ; Untyped                          ;
+------------------------------------+----------------------+----------------------------------+
Note: In order to hide this table in the UI and the text report file, please set the "Show Parameter Settings in Synthesis Report" option in "Analysis and Synthesis Settings -> More Settings" to "Off".


+--------------------------------------------------------------------------------------------------------------------------------------------+
; Parameter Settings for Inferred Entity Instance: ov7670_controller:controller|ov7670_registers:Inst_ov7670_registers|altsyncram:Mux0_rtl_0 ;
+------------------------------------+----------------------------------+--------------------------------------------------------------------+
; Parameter Name                     ; Value                            ; Type                                                               ;
+------------------------------------+----------------------------------+--------------------------------------------------------------------+
; BYTE_SIZE_BLOCK                    ; 8                                ; Untyped                                                            ;
; AUTO_CARRY_CHAINS                  ; ON                               ; AUTO_CARRY                                                         ;
; IGNORE_CARRY_BUFFERS               ; OFF                              ; IGNORE_CARRY                                                       ;
; AUTO_CASCADE_CHAINS                ; ON                               ; AUTO_CASCADE                                                       ;
; IGNORE_CASCADE_BUFFERS             ; OFF                              ; IGNORE_CASCADE                                                     ;
; WIDTH_BYTEENA                      ; 1                                ; Untyped                                                            ;
; OPERATION_MODE                     ; ROM                              ; Untyped                                                            ;
; WIDTH_A                            ; 16                               ; Untyped                                                            ;
; WIDTHAD_A                          ; 8                                ; Untyped                                                            ;
; NUMWORDS_A                         ; 256                              ; Untyped                                                            ;
; OUTDATA_REG_A                      ; UNREGISTERED                     ; Untyped                                                            ;
; ADDRESS_ACLR_A                     ; NONE                             ; Untyped                                                            ;
; OUTDATA_ACLR_A                     ; NONE                             ; Untyped                                                            ;
; WRCONTROL_ACLR_A                   ; NONE                             ; Untyped                                                            ;
; INDATA_ACLR_A                      ; NONE                             ; Untyped                                                            ;
; BYTEENA_ACLR_A                     ; NONE                             ; Untyped                                                            ;
; WIDTH_B                            ; 1                                ; Untyped                                                            ;
; WIDTHAD_B                          ; 1                                ; Untyped                                                            ;
; NUMWORDS_B                         ; 1                                ; Untyped                                                            ;
; INDATA_REG_B                       ; CLOCK1                           ; Untyped                                                            ;
; WRCONTROL_WRADDRESS_REG_B          ; CLOCK1                           ; Untyped                                                            ;
; RDCONTROL_REG_B                    ; CLOCK1                           ; Untyped                                                            ;
; ADDRESS_REG_B                      ; CLOCK1                           ; Untyped                                                            ;
; OUTDATA_REG_B                      ; UNREGISTERED                     ; Untyped                                                            ;
; BYTEENA_REG_B                      ; CLOCK1                           ; Untyped                                                            ;
; INDATA_ACLR_B                      ; NONE                             ; Untyped                                                            ;
; WRCONTROL_ACLR_B                   ; NONE                             ; Untyped                                                            ;
; ADDRESS_ACLR_B                     ; NONE                             ; Untyped                                                            ;
; OUTDATA_ACLR_B                     ; NONE                             ; Untyped                                                            ;
; RDCONTROL_ACLR_B                   ; NONE                             ; Untyped                                                            ;
; BYTEENA_ACLR_B                     ; NONE                             ; Untyped                                                            ;
; WIDTH_BYTEENA_A                    ; 1                                ; Untyped                                                            ;
; WIDTH_BYTEENA_B                    ; 1                                ; Untyped                                                            ;
; RAM_BLOCK_TYPE                     ; AUTO                             ; Untyped                                                            ;
; BYTE_SIZE                          ; 8                                ; Untyped                                                            ;
; READ_DURING_WRITE_MODE_MIXED_PORTS ; DONT_CARE                        ; Untyped                                                            ;
; READ_DURING_WRITE_MODE_PORT_A      ; NEW_DATA_NO_NBE_READ             ; Untyped                                                            ;
; READ_DURING_WRITE_MODE_PORT_B      ; NEW_DATA_NO_NBE_READ             ; Untyped                                                            ;
; INIT_FILE                          ; ProjetoNaVGA.ov7670_top0.rtl.mif ; Untyped                                                            ;
; INIT_FILE_LAYOUT                   ; PORT_A                           ; Untyped                                                            ;
; MAXIMUM_DEPTH                      ; 0                                ; Untyped                                                            ;
; CLOCK_ENABLE_INPUT_A               ; NORMAL                           ; Untyped                                                            ;
; CLOCK_ENABLE_INPUT_B               ; NORMAL                           ; Untyped                                                            ;
; CLOCK_ENABLE_OUTPUT_A              ; NORMAL                           ; Untyped                                                            ;
; CLOCK_ENABLE_OUTPUT_B              ; NORMAL                           ; Untyped                                                            ;
; CLOCK_ENABLE_CORE_A                ; USE_INPUT_CLKEN                  ; Untyped                                                            ;
; CLOCK_ENABLE_CORE_B                ; USE_INPUT_CLKEN                  ; Untyped                                                            ;
; ENABLE_ECC                         ; FALSE                            ; Untyped                                                            ;
; ECC_PIPELINE_STAGE_ENABLED         ; FALSE                            ; Untyped                                                            ;
; WIDTH_ECCSTATUS                    ; 3                                ; Untyped                                                            ;
; DEVICE_FAMILY                      ; Cyclone II                       ; Untyped                                                            ;
; CBXI_PARAMETER                     ; altsyncram_f501                  ; Untyped                                                            ;
+------------------------------------+----------------------------------+--------------------------------------------------------------------+
Note: In order to hide this table in the UI and the text report file, please set the "Show Parameter Settings in Synthesis Report" option in "Analysis and Synthesis Settings -> More Settings" to "Off".


+---------------------------------------------------------------------------------------------------------------------------------------+
; altsyncram Parameter Settings by Entity Instance                                                                                      ;
+-------------------------------------------+-------------------------------------------------------------------------------------------+
; Name                                      ; Value                                                                                     ;
+-------------------------------------------+-------------------------------------------------------------------------------------------+
; Number of entity instances                ; 2                                                                                         ;
; Entity Instance                           ; frame_buffer:fb|altsyncram:altsyncram_component                                           ;
;     -- OPERATION_MODE                     ; DUAL_PORT                                                                                 ;
;     -- WIDTH_A                            ; 8                                                                                         ;
;     -- NUMWORDS_A                         ; 32768                                                                                     ;
;     -- OUTDATA_REG_A                      ; UNREGISTERED                                                                              ;
;     -- WIDTH_B                            ; 8                                                                                         ;
;     -- NUMWORDS_B                         ; 32768                                                                                     ;
;     -- ADDRESS_REG_B                      ; CLOCK1                                                                                    ;
;     -- OUTDATA_REG_B                      ; CLOCK1                                                                                    ;
;     -- RAM_BLOCK_TYPE                     ; AUTO                                                                                      ;
;     -- READ_DURING_WRITE_MODE_MIXED_PORTS ; DONT_CARE                                                                                 ;
; Entity Instance                           ; ov7670_controller:controller|ov7670_registers:Inst_ov7670_registers|altsyncram:Mux0_rtl_0 ;
;     -- OPERATION_MODE                     ; ROM                                                                                       ;
;     -- WIDTH_A                            ; 16                                                                                        ;
;     -- NUMWORDS_A                         ; 256                                                                                       ;
;     -- OUTDATA_REG_A                      ; UNREGISTERED                                                                              ;
;     -- WIDTH_B                            ; 1                                                                                         ;
;     -- NUMWORDS_B                         ; 1                                                                                         ;
;     -- ADDRESS_REG_B                      ; CLOCK1                                                                                    ;
;     -- OUTDATA_REG_B                      ; UNREGISTERED                                                                              ;
;     -- RAM_BLOCK_TYPE                     ; AUTO                                                                                      ;
;     -- READ_DURING_WRITE_MODE_MIXED_PORTS ; DONT_CARE                                                                                 ;
+-------------------------------------------+-------------------------------------------------------------------------------------------+


+-------------------------------------------------------------------------------------+
; Port Connectivity Checks: "ov7670_controller:controller|i2c_sender:Inst_i2c_sender" ;
+----------+-------+----------+-------------------------------------------------------+
; Port     ; Type  ; Severity ; Details                                               ;
+----------+-------+----------+-------------------------------------------------------+
; id[5..2] ; Input ; Info     ; Stuck at GND                                          ;
; id[7]    ; Input ; Info     ; Stuck at GND                                          ;
; id[6]    ; Input ; Info     ; Stuck at VCC                                          ;
; id[1]    ; Input ; Info     ; Stuck at VCC                                          ;
; id[0]    ; Input ; Info     ; Stuck at GND                                          ;
+----------+-------+----------+-------------------------------------------------------+


+-------------------------------+
; Elapsed Time Per Partition    ;
+----------------+--------------+
; Partition Name ; Elapsed Time ;
+----------------+--------------+
; Top            ; 00:00:02     ;
+----------------+--------------+


+-------------------------------+
; Analysis & Synthesis Messages ;
+-------------------------------+
Info: *******************************************************************
Info: Running Quartus II 64-Bit Analysis & Synthesis
    Info: Version 13.0.1 Build 232 06/12/2013 Service Pack 1 SJ Web Edition
    Info: Processing started: Tue Oct 18 16:59:57 2016
Info: Command: quartus_map --read_settings_files=on --write_settings_files=off ProjetoNaVGA -c ov7670_top
Warning (20028): Parallel compilation is not licensed and has been disabled
Info (12021): Found 2 design units, including 1 entities, in source file debounce.vhd
    Info (12022): Found design unit 1: debounce-Behavioral
    Info (12023): Found entity 1: debounce
Info (12021): Found 2 design units, including 1 entities, in source file frame_buffer.vhd
    Info (12022): Found design unit 1: frame_buffer-SYN
    Info (12023): Found entity 1: frame_buffer
Info (12021): Found 2 design units, including 1 entities, in source file i2c_sender.vhd
    Info (12022): Found design unit 1: i2c_sender-Behavioral
    Info (12023): Found entity 1: i2c_sender
Info (12021): Found 2 design units, including 1 entities, in source file ov7670_capture.vhd
    Info (12022): Found design unit 1: ov7670_capture-Behavioral
    Info (12023): Found entity 1: ov7670_capture
Info (12021): Found 2 design units, including 1 entities, in source file ov7670_controller.vhd
    Info (12022): Found design unit 1: ov7670_controller-Behavioral
    Info (12023): Found entity 1: ov7670_controller
Info (12021): Found 2 design units, including 1 entities, in source file ov7670_registers.vhd
    Info (12022): Found design unit 1: ov7670_registers-Behavioral
    Info (12023): Found entity 1: ov7670_registers
Info (12021): Found 2 design units, including 1 entities, in source file ov7670_top.vhd
    Info (12022): Found design unit 1: ov7670_top-Behavioral
    Info (12023): Found entity 1: ov7670_top
Info (12021): Found 2 design units, including 1 entities, in source file vga.vhd
    Info (12022): Found design unit 1: vga-Behavioral
    Info (12023): Found entity 1: vga
Info (12127): Elaborating entity "ov7670_top" for the top level hierarchy
Info (12128): Elaborating entity "debounce" for hierarchy "debounce:btn_debounce"
Info (12128): Elaborating entity "vga" for hierarchy "vga:Inst_vga"
Info (12128): Elaborating entity "frame_buffer" for hierarchy "frame_buffer:fb"
Info (12128): Elaborating entity "altsyncram" for hierarchy "frame_buffer:fb|altsyncram:altsyncram_component"
Info (12130): Elaborated megafunction instantiation "frame_buffer:fb|altsyncram:altsyncram_component"
Info (12133): Instantiated megafunction "frame_buffer:fb|altsyncram:altsyncram_component" with the following parameter:
    Info (12134): Parameter "address_aclr_b" = "NONE"
    Info (12134): Parameter "address_reg_b" = "CLOCK1"
    Info (12134): Parameter "clock_enable_input_a" = "BYPASS"
    Info (12134): Parameter "clock_enable_input_b" = "BYPASS"
    Info (12134): Parameter "clock_enable_output_b" = "BYPASS"
    Info (12134): Parameter "intended_device_family" = "Cyclone V"
    Info (12134): Parameter "lpm_type" = "altsyncram"
    Info (12134): Parameter "numwords_a" = "32768"
    Info (12134): Parameter "numwords_b" = "32768"
    Info (12134): Parameter "operation_mode" = "DUAL_PORT"
    Info (12134): Parameter "outdata_aclr_b" = "NONE"
    Info (12134): Parameter "outdata_reg_b" = "CLOCK1"
    Info (12134): Parameter "power_up_uninitialized" = "FALSE"
    Info (12134): Parameter "widthad_a" = "15"
    Info (12134): Parameter "widthad_b" = "15"
    Info (12134): Parameter "width_a" = "8"
    Info (12134): Parameter "width_b" = "8"
    Info (12134): Parameter "width_byteena_a" = "1"
Info (12021): Found 1 design units, including 1 entities, in source file db/altsyncram_ikj1.tdf
    Info (12023): Found entity 1: altsyncram_ikj1
Info (12128): Elaborating entity "altsyncram_ikj1" for hierarchy "frame_buffer:fb|altsyncram:altsyncram_component|altsyncram_ikj1:auto_generated"
Info (12021): Found 1 design units, including 1 entities, in source file db/altsyncram_pes1.tdf
    Info (12023): Found entity 1: altsyncram_pes1
Info (12128): Elaborating entity "altsyncram_pes1" for hierarchy "frame_buffer:fb|altsyncram:altsyncram_component|altsyncram_ikj1:auto_generated|altsyncram_pes1:altsyncram1"
Warning (287013): Variable or input pin "clocken1" is defined but never used.
Info (12021): Found 1 design units, including 1 entities, in source file db/decode_9oa.tdf
    Info (12023): Found entity 1: decode_9oa
Info (12128): Elaborating entity "decode_9oa" for hierarchy "frame_buffer:fb|altsyncram:altsyncram_component|altsyncram_ikj1:auto_generated|altsyncram_pes1:altsyncram1|decode_9oa:decode3"
Info (12128): Elaborating entity "decode_9oa" for hierarchy "frame_buffer:fb|altsyncram:altsyncram_component|altsyncram_ikj1:auto_generated|altsyncram_pes1:altsyncram1|decode_9oa:decode_a"
Info (12021): Found 1 design units, including 1 entities, in source file db/mux_pib.tdf
    Info (12023): Found entity 1: mux_pib
Info (12128): Elaborating entity "mux_pib" for hierarchy "frame_buffer:fb|altsyncram:altsyncram_component|altsyncram_ikj1:auto_generated|altsyncram_pes1:altsyncram1|mux_pib:mux5"
Info (12128): Elaborating entity "ov7670_capture" for hierarchy "ov7670_capture:capture"
Info (12128): Elaborating entity "ov7670_controller" for hierarchy "ov7670_controller:controller"
Info (12128): Elaborating entity "i2c_sender" for hierarchy "ov7670_controller:controller|i2c_sender:Inst_i2c_sender"
Info (12128): Elaborating entity "ov7670_registers" for hierarchy "ov7670_controller:controller|ov7670_registers:Inst_ov7670_registers"
Info (19000): Inferred 1 megafunctions from design logic
    Info (276031): Inferred altsyncram megafunction from the following design logic: "ov7670_controller:controller|ov7670_registers:Inst_ov7670_registers|Mux0_rtl_0"
        Info (286033): Parameter OPERATION_MODE set to ROM
        Info (286033): Parameter WIDTH_A set to 16
        Info (286033): Parameter WIDTHAD_A set to 8
        Info (286033): Parameter NUMWORDS_A set to 256
        Info (286033): Parameter OUTDATA_REG_A set to UNREGISTERED
        Info (286033): Parameter RAM_BLOCK_TYPE set to AUTO
        Info (286033): Parameter INIT_FILE set to ProjetoNaVGA.ov7670_top0.rtl.mif
Info (12130): Elaborated megafunction instantiation "ov7670_controller:controller|ov7670_registers:Inst_ov7670_registers|altsyncram:Mux0_rtl_0"
Info (12133): Instantiated megafunction "ov7670_controller:controller|ov7670_registers:Inst_ov7670_registers|altsyncram:Mux0_rtl_0" with the following parameter:
    Info (12134): Parameter "OPERATION_MODE" = "ROM"
    Info (12134): Parameter "WIDTH_A" = "16"
    Info (12134): Parameter "WIDTHAD_A" = "8"
    Info (12134): Parameter "NUMWORDS_A" = "256"
    Info (12134): Parameter "OUTDATA_REG_A" = "UNREGISTERED"
    Info (12134): Parameter "RAM_BLOCK_TYPE" = "AUTO"
    Info (12134): Parameter "INIT_FILE" = "ProjetoNaVGA.ov7670_top0.rtl.mif"
Info (12021): Found 1 design units, including 1 entities, in source file db/altsyncram_f501.tdf
    Info (12023): Found entity 1: altsyncram_f501
Warning (13024): Output pins are stuck at VCC or GND
    Warning (13410): Pin "OV7670_RESET" is stuck at VCC
    Warning (13410): Pin "OV7670_PWDN" is stuck at GND
    Warning (13410): Pin "LED[1]" is stuck at GND
    Warning (13410): Pin "LED[2]" is stuck at GND
    Warning (13410): Pin "LED[3]" is stuck at GND
    Warning (13410): Pin "LED[4]" is stuck at GND
    Warning (13410): Pin "LED[5]" is stuck at GND
    Warning (13410): Pin "LED[6]" is stuck at GND
    Warning (13410): Pin "LED[7]" is stuck at GND
Info (16010): Generating hard_block partition "hard_block:auto_generated_inst"
    Info (16011): Adding 0 node(s), including 0 DDIO, 0 PLL, 0 transceiver and 0 LCELL
Info (21057): Implemented 653 device resources after synthesis - the final resource count might be different
    Info (21058): Implemented 13 input pins
    Info (21059): Implemented 22 output pins
    Info (21060): Implemented 1 bidirectional pins
    Info (21061): Implemented 537 logic cells
    Info (21064): Implemented 80 RAM segments
Info: Quartus II 64-Bit Analysis & Synthesis was successful. 0 errors, 12 warnings
    Info: Peak virtual memory: 694 megabytes
    Info: Processing ended: Tue Oct 18 17:00:02 2016
    Info: Elapsed time: 00:00:05
    Info: Total CPU time (on all processors): 00:00:05


